<<<<<<< HEAD
[2020-01-21 09:07:19,038] {/home/alta13/Documents/E-Commerce/ecommerce-project/Flask-restful/blueprints/__init__.py:54} INFO - REQUEST_LOG	{"status_code": 200, "method": "GET", "code": "200 OK", "uri": "/toko/1?p=1", "request": null, "response": {"id": 1, "user_id": 1, "nama": "Vaporwave Aesthetic", "deskripsi": "High Quality Vaporwave Aesthetic T-Shirt", "pemilik": "Aesthetic Guy", "popularitas": 50, "daftar jualan": [{"id": 1, "toko_id": 1, "nama": "Vaporwave T-Shirt Harajuku Head", "harga": "Rp. 190000", "deskripsi": "High Quality Vaporwave T-Shirt with Supima 30s", "bahan": "Supima 30s", "gambar": "https://res.cloudinary.com/teepublic/image/private/s--1dT_3PbV--/t_Resized%20Artwork/c_crop,x_10,y_10/c_fit,w_470/c_crop,g_north_west,h_626,w_470,x_0,y_0/g_north_west,u_upload:v1462829024:production:blanks:a59x1cgomgu5lprfjlmi,x_-395,y_-325/b_rgb:eeeeee/c_limit,f_jpg,h_630,q_90,w_630/v1523984693/production/designs/2599508_0.jpg", "terjual": 1}, {"id": 2, "toko_id": 1, "nama": "Vaporwave Aesthetic T-Shirt with Japanese Word", "harga": "Rp. 190000", "deskripsi": "High Quality Vaporwave Aesthetic T-Shirt with Supima 30s", "bahan": "Supima 30s", "gambar": "https://image.spreadshirtmedia.net/image-server/v1/products/T977A1PA2107PT1X31Y3D144443879FS5052/views/1,width=650,height=650,appearanceId=1,backgroundColor=747476/japanese-phrase-in-the-vaporwave-spirit.jpg", "terjual": 0}, {"id": 3, "toko_id": 1, "nama": "Vaporwave Aesthetic T-Shirt Old Monitor Kawaii", "harga": "Rp. 190000", "deskripsi": "High Quality Vaporwave T-Shirt with Supima 30s", "bahan": "Supima 30s", "gambar": "https://d111vui60acwyt.cloudfront.net/product_photos/65599569/file_1675a60f66_original.jpg", "terjual": 1}, {"id": 4, "toko_id": 1, "nama": "Vaporwave Aesthetic T-Shirt Offline Japanese", "harga": "Rp. 190000", "deskripsi": "High Quality Vaporwave T-Shirt with Supima 30s", "bahan": "Supima 30s", "gambar": "https://cdn.designbyhumans.com/product_images/p/1154443.65.29272S7YyNAAA-650x650-b-p-eee.jpg", "terjual": 0}, {"id": 5, "toko_id": 1, "nama": "Vaporwave Aesthetic T-Shirt Greek Head Japanese", "harga": "Rp. 190000", "deskripsi": "High Quality Vaporwave T-Shirt with Supima 30s", "bahan": "Supima 30s", "gambar": "https://m.media-amazon.com/images/I/B1qmQK-r4OS._AC_CLa%7C2140%2C2000%7C919A1PIwt1L.png%7C0%2C0%2C2140%2C2000%2B0.0%2C0.0%2C2140.0%2C2000.0._SX385._SX._UX._SY._UY_.png", "terjual": 1}, {"id": 6, "toko_id": 1, "nama": "Retro 80s Vaporwave Outrun style T-Shirt", "harga": "Rp. 190000", "deskripsi": "High Quality Vaporwave T-Shirt with Supima 30s", "bahan": "Supima 30s", "gambar": "https://m.media-amazon.com/images/I/A1vJUKBjc2L._AC_CLa%7C2140%2C2000%7CA1ZT-oqtwzL.png%7C0%2C0%2C2140%2C2000%2B0.0%2C0.0%2C2140.0%2C2000.0._SX385._SX._UX._SY._UY_.png", "terjual": 0}, {"id": 7, "toko_id": 1, "nama": "Aesthetic Vaporwave T Shirt Retro 1980s 1990s Otaku Tee", "harga": "Rp. 190000", "deskripsi": "High Quality Vaporwave T-Shirt with Supima 30s", "bahan": "Supima 30s", "gambar": "https://m.media-amazon.com/images/I/A13usaonutL._AC_CLa%7C2140%2C2000%7C91vFr2fLz4L.png%7C0%2C0%2C2140%2C2000%2B0.0%2C0.0%2C2140.0%2C2000.0._SX385._SX._UX._SY._UY_.png", "terjual": 0}, {"id": 8, "toko_id": 1, "nama": "Mix Tape 80s Japanese Otaku Aesthetic Vaporwave Art T-Shirt", "harga": "Rp. 190000", "deskripsi": "High Quality Vaporwave T-Shirt with Supima 30s", "bahan": "Supima 30s", "gambar": "https://m.media-amazon.com/images/I/A13usaonutL._AC_CLa%7C2140%2C2000%7C91K%2BDk3ZH3L.png%7C0%2C0%2C2140%2C2000%2B0.0%2C0.0%2C2140.0%2C2000.0._SX385._SX._UX._SY._UY_.png", "terjual": 2}, {"id": 9, "toko_id": 1, "nama": "90s Japanese Otaku Stylish Aesthetic Milk T-Shirt", "harga": "Rp. 190000", "deskripsi": "High Quality Vaporwave T-Shirt with Supima 30s", "bahan": "Supima 30s", "gambar": "https://m.media-amazon.com/images/I/A13usaonutL._AC_CLa%7C2140%2C2000%7C916HePwBCIL.png%7C0%2C0%2C2140%2C2000%2B0.0%2C0.0%2C2140.0%2C2000.0._SX385._SX._UX._SY._UY_.png", "terjual": 1}, {"id": 10, "toko_id": 1, "nama": "Vaporwave Medusa Statue Aesthetic Retro Japanese Otaku Art T-Shirt", "harga": "Rp. 190000", "deskripsi": "High Quality Vaporwave T-Shirt with Supima 30s", "bahan": "Supima 30s", "gambar": "https://m.media-amazon.com/images/I/A1vJUKBjc2L._AC_CLa%7C2140%2C2000%7C919V0wbfhhL.png%7C0%2C0%2C2140%2C2000%2B0.0%2C0.0%2C2140.0%2C2000.0._SX385._SX._UX._SY._UY_.png", "terjual": 1}, {"id": 25, "toko_id": 1, "nama": "Vaporwave Aesthetic T-Shirt Great Wave Kanagara Sad Miami Retro", "harga": "Rp. 203000", "deskripsi": "High Quality Aesthetic T-Shirt with Supima 30s", "bahan": "Supima 30s", "gambar": "https://i.ebayimg.com/images/g/sGwAAOSw2~1cuPki/s-l300.jpg", "terjual": 0}, {"id": 26, "toko_id": 1, "nama": "Vaporwave Shirt Arizona Iced Tea (Aesthetic) T Shirt By SenorFiredude Design By Suparno", "harga": "Rp. 203000", "deskripsi": "High Quality Aesthetic T-Shirt with Supima", "bahan": "Supima 30s", "gambar": "https://cdn.designbyhumans.com/product_images/p/1092812.65.53f7cS7ayBAA-650x650-b-p-eee.jpg", "terjual": 1}]}}
[2020-01-21 09:07:48,437] {/home/alta13/Documents/E-Commerce/ecommerce-project/Flask-restful/blueprints/__init__.py:54} INFO - REQUEST_LOG	{"status_code": 200, "method": "GET", "code": "200 OK", "uri": "/toko?p=2", "request": null, "response": [{"id": 4, "user_id": 4, "nama": "Preloved by Kobar", "deskripsi": "Baju Mahal", "pemilik": "kobars", "popularitas": 0, "barang_populer": ""}]}
[2020-01-21 09:11:26,575] {/home/alta13/Documents/E-Commerce/ecommerce-project/Flask-restful/blueprints/__init__.py:54} INFO - REQUEST_LOG	{"status_code": 200, "method": "OPTIONS", "code": "200 OK", "uri": "/user?", "request": null, "response": {}}
[2020-01-21 09:11:26,894] {/home/alta13/Documents/E-Commerce/ecommerce-project/Flask-restful/blueprints/__init__.py:54} INFO - REQUEST_LOG	{"status_code": 200, "method": "GET", "code": "200 OK", "uri": "/user?", "request": null, "response": {"info_user": {"id": 1, "full_name": "Mohammad Daffa", "email": "m.daffa100@yahoo.com", "username": "Aesthetic Guy", "designer_status": true}, "info_toko": {"id": 1, "user_id": 1, "nama": "Vaporwave Aesthetic", "deskripsi": "High Quality Vaporwave Aesthetic T-Shirt", "pemilik": "Aesthetic Guy", "popularitas": 50, "keuntungan": "Rp. 209000"}, "riwayat_transaksi": [{"id": 9, "barang_id": 23, "nama_barang": "T-Shirt Slark Shark Dota 2 Limited Edition - Hitam", "harga_barang": "Rp. 115500", "user_id": 1, "jumlah": 2, "ukuran": "XL", "id_pemesanan": 8, "total_harga": "Rp. 231000", "total_harga_int": 231000, "waktu_pemesanan": "Thu, 16 Jan 2020 20:19:59 -0000"}, {"id": 10, "barang_id": 11, "nama_barang": "KAOS LENGAN PENDEK THE POPO -PINK FLOYD-", "harga_barang": "Rp. 108500", "user_id": 1, "jumlah": 1, "ukuran": "XL", "id_pemesanan": 9, "total_harga": "Rp. 108500", "total_harga_int": 108500, "waktu_pemesanan": "Thu, 16 Jan 2020 20:19:59 -0000"}, {"id": 11, "barang_id": 24, "nama_barang": "T-Shirt Bear Ursa Dota 2 Limited Edition - Black", "harga_barang": "Rp. 115500", "user_id": 1, "jumlah": 1, "ukuran": "XL", "id_pemesanan": 10, "total_harga": "Rp. 115500", "total_harga_int": 115500, "waktu_pemesanan": "Thu, 16 Jan 2020 20:19:59 -0000"}, {"id": 12, "barang_id": 3, "nama_barang": "Vaporwave Aesthetic T-Shirt Old Monitor Kawaii", "harga_barang": "Rp. 190000", "user_id": 1, "jumlah": 1, "ukuran": "XL", "id_pemesanan": 11, "total_harga": "Rp. 190000", "total_harga_int": 190000, "waktu_pemesanan": "Fri, 17 Jan 2020 09:00:44 -0000"}, {"id": 13, "barang_id": 8, "nama_barang": "Mix Tape 80s Japanese Otaku Aesthetic Vaporwave Art T-Shirt", "harga_barang": "Rp. 190000", "user_id": 1, "jumlah": 1, "ukuran": "XL", "id_pemesanan": 12, "total_harga": "Rp. 190000", "total_harga_int": 190000, "waktu_pemesanan": "Fri, 17 Jan 2020 09:00:44 -0000"}]}}
[2020-01-21 09:11:26,903] {/home/alta13/Documents/E-Commerce/ecommerce-project/Flask-restful/blueprints/__init__.py:54} INFO - REQUEST_LOG	{"status_code": 200, "method": "GET", "code": "200 OK", "uri": "/toko?search=&orderby=popularitas&sort=desc", "request": null, "response": [{"id": 1, "user_id": 1, "nama": "Vaporwave Aesthetic", "deskripsi": "High Quality Vaporwave Aesthetic T-Shirt", "pemilik": "Aesthetic Guy", "popularitas": 50, "barang_populer": {"id": 32, "toko_id": 1, "nama": "Jojo Bizzare Adventure Aesthetic T-Shirt", "harga": "Rp. 203000", "deskripsi": "High Quality Aesthetic T-Shirt with Supima", "bahan": "Supima 30s", "gambar": "https://bunny.teeshirt21.com/2017/11/11/47846-1510376422277-Gildan-Men-White-_w91_-front.jpg", "terjual": 4}}, {"id": 2, "user_id": 2, "nama": "Micro Capitalism", "deskripsi": "Kumpulan T-Shirt karya The Popo", "pemilik": "ThePopo", "popularitas": 15, "barang_populer": {"id": 11, "toko_id": 2, "nama": "KAOS LENGAN PENDEK THE POPO -PINK FLOYD-", "harga": "Rp. 108500", "deskripsi": "Bahan Combed 30s, warna Hitam", "bahan": "Combed 30s", "gambar": "https://cf.shopee.co.id/file/df68a3648d0ec395102b80cd947e7261_tn", "terjual": 1}}, {"id": 3, "user_id": 3, "nama": "Ganvas by Rizpol", "deskripsi": "T-Shirt Preloved Rizpol, Mostly Dota Related", "pemilik": "Rizpol", "popularitas": 15, "barang_populer": {"id": 23, "toko_id": 3, "nama": "T-Shirt Slark Shark Dota 2 Limited Edition - Hitam", "harga": "Rp. 115500", "deskripsi": "Bahan Combed 30s, Warna Hitam", "bahan": "Combed 30s", "gambar": "https://ecs7.tokopedia.net/img/cache/200-square/product-1/2019/11/26/20491113/20491113_2b0f0081-d27f-4a29-ba77-2100e2d97db4_1080_1080", "terjual": 7}}]}
[2020-01-21 09:11:36,771] {/home/alta13/Documents/E-Commerce/ecommerce-project/Flask-restful/blueprints/__init__.py:54} INFO - REQUEST_LOG	{"status_code": 200, "method": "GET", "code": "200 OK", "uri": "/toko?search=&orderby=id&sort=desc", "request": null, "response": [{"id": 4, "user_id": 4, "nama": "Preloved by Kobar", "deskripsi": "Baju Mahal", "pemilik": "kobars", "popularitas": 0, "barang_populer": ""}, {"id": 3, "user_id": 3, "nama": "Ganvas by Rizpol", "deskripsi": "T-Shirt Preloved Rizpol, Mostly Dota Related", "pemilik": "Rizpol", "popularitas": 15, "barang_populer": {"id": 23, "toko_id": 3, "nama": "T-Shirt Slark Shark Dota 2 Limited Edition - Hitam", "harga": "Rp. 115500", "deskripsi": "Bahan Combed 30s, Warna Hitam", "bahan": "Combed 30s", "gambar": "https://ecs7.tokopedia.net/img/cache/200-square/product-1/2019/11/26/20491113/20491113_2b0f0081-d27f-4a29-ba77-2100e2d97db4_1080_1080", "terjual": 7}}, {"id": 2, "user_id": 2, "nama": "Micro Capitalism", "deskripsi": "Kumpulan T-Shirt karya The Popo", "pemilik": "ThePopo", "popularitas": 15, "barang_populer": {"id": 11, "toko_id": 2, "nama": "KAOS LENGAN PENDEK THE POPO -PINK FLOYD-", "harga": "Rp. 108500", "deskripsi": "Bahan Combed 30s, warna Hitam", "bahan": "Combed 30s", "gambar": "https://cf.shopee.co.id/file/df68a3648d0ec395102b80cd947e7261_tn", "terjual": 1}}]}
[2020-01-21 09:12:06,636] {/home/alta13/Documents/E-Commerce/ecommerce-project/Flask-restful/blueprints/__init__.py:54} INFO - REQUEST_LOG	{"status_code": 200, "method": "GET", "code": "200 OK", "uri": "/toko?search=&orderby=popularitas&sort=asc", "request": null, "response": [{"id": 4, "user_id": 4, "nama": "Preloved by Kobar", "deskripsi": "Baju Mahal", "pemilik": "kobars", "popularitas": 0, "barang_populer": ""}, {"id": 2, "user_id": 2, "nama": "Micro Capitalism", "deskripsi": "Kumpulan T-Shirt karya The Popo", "pemilik": "ThePopo", "popularitas": 15, "barang_populer": {"id": 11, "toko_id": 2, "nama": "KAOS LENGAN PENDEK THE POPO -PINK FLOYD-", "harga": "Rp. 108500", "deskripsi": "Bahan Combed 30s, warna Hitam", "bahan": "Combed 30s", "gambar": "https://cf.shopee.co.id/file/df68a3648d0ec395102b80cd947e7261_tn", "terjual": 1}}, {"id": 3, "user_id": 3, "nama": "Ganvas by Rizpol", "deskripsi": "T-Shirt Preloved Rizpol, Mostly Dota Related", "pemilik": "Rizpol", "popularitas": 15, "barang_populer": {"id": 23, "toko_id": 3, "nama": "T-Shirt Slark Shark Dota 2 Limited Edition - Hitam", "harga": "Rp. 115500", "deskripsi": "Bahan Combed 30s, Warna Hitam", "bahan": "Combed 30s", "gambar": "https://ecs7.tokopedia.net/img/cache/200-square/product-1/2019/11/26/20491113/20491113_2b0f0081-d27f-4a29-ba77-2100e2d97db4_1080_1080", "terjual": 7}}]}
[2020-01-21 09:12:25,783] {/home/alta13/Documents/E-Commerce/ecommerce-project/Flask-restful/blueprints/__init__.py:54} INFO - REQUEST_LOG	{"status_code": 200, "method": "OPTIONS", "code": "200 OK", "uri": "/user?", "request": null, "response": {}}
[2020-01-21 09:12:25,815] {/home/alta13/Documents/E-Commerce/ecommerce-project/Flask-restful/blueprints/__init__.py:54} INFO - REQUEST_LOG	{"status_code": 200, "method": "GET", "code": "200 OK", "uri": "/toko?search=&orderby=popularitas&sort=desc", "request": null, "response": [{"id": 1, "user_id": 1, "nama": "Vaporwave Aesthetic", "deskripsi": "High Quality Vaporwave Aesthetic T-Shirt", "pemilik": "Aesthetic Guy", "popularitas": 50, "barang_populer": {"id": 32, "toko_id": 1, "nama": "Jojo Bizzare Adventure Aesthetic T-Shirt", "harga": "Rp. 203000", "deskripsi": "High Quality Aesthetic T-Shirt with Supima", "bahan": "Supima 30s", "gambar": "https://bunny.teeshirt21.com/2017/11/11/47846-1510376422277-Gildan-Men-White-_w91_-front.jpg", "terjual": 4}}, {"id": 2, "user_id": 2, "nama": "Micro Capitalism", "deskripsi": "Kumpulan T-Shirt karya The Popo", "pemilik": "ThePopo", "popularitas": 15, "barang_populer": {"id": 11, "toko_id": 2, "nama": "KAOS LENGAN PENDEK THE POPO -PINK FLOYD-", "harga": "Rp. 108500", "deskripsi": "Bahan Combed 30s, warna Hitam", "bahan": "Combed 30s", "gambar": "https://cf.shopee.co.id/file/df68a3648d0ec395102b80cd947e7261_tn", "terjual": 1}}, {"id": 3, "user_id": 3, "nama": "Ganvas by Rizpol", "deskripsi": "T-Shirt Preloved Rizpol, Mostly Dota Related", "pemilik": "Rizpol", "popularitas": 15, "barang_populer": {"id": 23, "toko_id": 3, "nama": "T-Shirt Slark Shark Dota 2 Limited Edition - Hitam", "harga": "Rp. 115500", "deskripsi": "Bahan Combed 30s, Warna Hitam", "bahan": "Combed 30s", "gambar": "https://ecs7.tokopedia.net/img/cache/200-square/product-1/2019/11/26/20491113/20491113_2b0f0081-d27f-4a29-ba77-2100e2d97db4_1080_1080", "terjual": 7}}]}
[2020-01-21 09:12:25,865] {/home/alta13/Documents/E-Commerce/ecommerce-project/Flask-restful/blueprints/__init__.py:54} INFO - REQUEST_LOG	{"status_code": 200, "method": "GET", "code": "200 OK", "uri": "/user?", "request": null, "response": {"info_user": {"id": 1, "full_name": "Mohammad Daffa", "email": "m.daffa100@yahoo.com", "username": "Aesthetic Guy", "designer_status": true}, "info_toko": {"id": 1, "user_id": 1, "nama": "Vaporwave Aesthetic", "deskripsi": "High Quality Vaporwave Aesthetic T-Shirt", "pemilik": "Aesthetic Guy", "popularitas": 50, "keuntungan": "Rp. 209000"}, "riwayat_transaksi": [{"id": 9, "barang_id": 23, "nama_barang": "T-Shirt Slark Shark Dota 2 Limited Edition - Hitam", "harga_barang": "Rp. 115500", "user_id": 1, "jumlah": 2, "ukuran": "XL", "id_pemesanan": 8, "total_harga": "Rp. 231000", "total_harga_int": 231000, "waktu_pemesanan": "Thu, 16 Jan 2020 20:19:59 -0000"}, {"id": 10, "barang_id": 11, "nama_barang": "KAOS LENGAN PENDEK THE POPO -PINK FLOYD-", "harga_barang": "Rp. 108500", "user_id": 1, "jumlah": 1, "ukuran": "XL", "id_pemesanan": 9, "total_harga": "Rp. 108500", "total_harga_int": 108500, "waktu_pemesanan": "Thu, 16 Jan 2020 20:19:59 -0000"}, {"id": 11, "barang_id": 24, "nama_barang": "T-Shirt Bear Ursa Dota 2 Limited Edition - Black", "harga_barang": "Rp. 115500", "user_id": 1, "jumlah": 1, "ukuran": "XL", "id_pemesanan": 10, "total_harga": "Rp. 115500", "total_harga_int": 115500, "waktu_pemesanan": "Thu, 16 Jan 2020 20:19:59 -0000"}, {"id": 12, "barang_id": 3, "nama_barang": "Vaporwave Aesthetic T-Shirt Old Monitor Kawaii", "harga_barang": "Rp. 190000", "user_id": 1, "jumlah": 1, "ukuran": "XL", "id_pemesanan": 11, "total_harga": "Rp. 190000", "total_harga_int": 190000, "waktu_pemesanan": "Fri, 17 Jan 2020 09:00:44 -0000"}, {"id": 13, "barang_id": 8, "nama_barang": "Mix Tape 80s Japanese Otaku Aesthetic Vaporwave Art T-Shirt", "harga_barang": "Rp. 190000", "user_id": 1, "jumlah": 1, "ukuran": "XL", "id_pemesanan": 12, "total_harga": "Rp. 190000", "total_harga_int": 190000, "waktu_pemesanan": "Fri, 17 Jan 2020 09:00:44 -0000"}]}}
[2020-01-21 09:12:37,464] {/home/alta13/Documents/E-Commerce/ecommerce-project/Flask-restful/blueprints/__init__.py:54} INFO - REQUEST_LOG	{"status_code": 200, "method": "OPTIONS", "code": "200 OK", "uri": "/user?", "request": null, "response": {}}
[2020-01-21 09:12:37,484] {/home/alta13/Documents/E-Commerce/ecommerce-project/Flask-restful/blueprints/__init__.py:54} INFO - REQUEST_LOG	{"status_code": 200, "method": "GET", "code": "200 OK", "uri": "/toko?search=&orderby=popularitas&sort=desc", "request": null, "response": [{"id": 1, "user_id": 1, "nama": "Vaporwave Aesthetic", "deskripsi": "High Quality Vaporwave Aesthetic T-Shirt", "pemilik": "Aesthetic Guy", "popularitas": 50, "barang_populer": {"id": 32, "toko_id": 1, "nama": "Jojo Bizzare Adventure Aesthetic T-Shirt", "harga": "Rp. 203000", "deskripsi": "High Quality Aesthetic T-Shirt with Supima", "bahan": "Supima 30s", "gambar": "https://bunny.teeshirt21.com/2017/11/11/47846-1510376422277-Gildan-Men-White-_w91_-front.jpg", "terjual": 4}}, {"id": 2, "user_id": 2, "nama": "Micro Capitalism", "deskripsi": "Kumpulan T-Shirt karya The Popo", "pemilik": "ThePopo", "popularitas": 15, "barang_populer": {"id": 11, "toko_id": 2, "nama": "KAOS LENGAN PENDEK THE POPO -PINK FLOYD-", "harga": "Rp. 108500", "deskripsi": "Bahan Combed 30s, warna Hitam", "bahan": "Combed 30s", "gambar": "https://cf.shopee.co.id/file/df68a3648d0ec395102b80cd947e7261_tn", "terjual": 1}}, {"id": 3, "user_id": 3, "nama": "Ganvas by Rizpol", "deskripsi": "T-Shirt Preloved Rizpol, Mostly Dota Related", "pemilik": "Rizpol", "popularitas": 15, "barang_populer": {"id": 23, "toko_id": 3, "nama": "T-Shirt Slark Shark Dota 2 Limited Edition - Hitam", "harga": "Rp. 115500", "deskripsi": "Bahan Combed 30s, Warna Hitam", "bahan": "Combed 30s", "gambar": "https://ecs7.tokopedia.net/img/cache/200-square/product-1/2019/11/26/20491113/20491113_2b0f0081-d27f-4a29-ba77-2100e2d97db4_1080_1080", "terjual": 7}}]}
[2020-01-21 09:12:37,549] {/home/alta13/Documents/E-Commerce/ecommerce-project/Flask-restful/blueprints/__init__.py:54} INFO - REQUEST_LOG	{"status_code": 200, "method": "GET", "code": "200 OK", "uri": "/user?", "request": null, "response": {"info_user": {"id": 1, "full_name": "Mohammad Daffa", "email": "m.daffa100@yahoo.com", "username": "Aesthetic Guy", "designer_status": true}, "info_toko": {"id": 1, "user_id": 1, "nama": "Vaporwave Aesthetic", "deskripsi": "High Quality Vaporwave Aesthetic T-Shirt", "pemilik": "Aesthetic Guy", "popularitas": 50, "keuntungan": "Rp. 209000"}, "riwayat_transaksi": [{"id": 9, "barang_id": 23, "nama_barang": "T-Shirt Slark Shark Dota 2 Limited Edition - Hitam", "harga_barang": "Rp. 115500", "user_id": 1, "jumlah": 2, "ukuran": "XL", "id_pemesanan": 8, "total_harga": "Rp. 231000", "total_harga_int": 231000, "waktu_pemesanan": "Thu, 16 Jan 2020 20:19:59 -0000"}, {"id": 10, "barang_id": 11, "nama_barang": "KAOS LENGAN PENDEK THE POPO -PINK FLOYD-", "harga_barang": "Rp. 108500", "user_id": 1, "jumlah": 1, "ukuran": "XL", "id_pemesanan": 9, "total_harga": "Rp. 108500", "total_harga_int": 108500, "waktu_pemesanan": "Thu, 16 Jan 2020 20:19:59 -0000"}, {"id": 11, "barang_id": 24, "nama_barang": "T-Shirt Bear Ursa Dota 2 Limited Edition - Black", "harga_barang": "Rp. 115500", "user_id": 1, "jumlah": 1, "ukuran": "XL", "id_pemesanan": 10, "total_harga": "Rp. 115500", "total_harga_int": 115500, "waktu_pemesanan": "Thu, 16 Jan 2020 20:19:59 -0000"}, {"id": 12, "barang_id": 3, "nama_barang": "Vaporwave Aesthetic T-Shirt Old Monitor Kawaii", "harga_barang": "Rp. 190000", "user_id": 1, "jumlah": 1, "ukuran": "XL", "id_pemesanan": 11, "total_harga": "Rp. 190000", "total_harga_int": 190000, "waktu_pemesanan": "Fri, 17 Jan 2020 09:00:44 -0000"}, {"id": 13, "barang_id": 8, "nama_barang": "Mix Tape 80s Japanese Otaku Aesthetic Vaporwave Art T-Shirt", "harga_barang": "Rp. 190000", "user_id": 1, "jumlah": 1, "ukuran": "XL", "id_pemesanan": 12, "total_harga": "Rp. 190000", "total_harga_int": 190000, "waktu_pemesanan": "Fri, 17 Jan 2020 09:00:44 -0000"}]}}
[2020-01-21 09:12:43,164] {/home/alta13/Documents/E-Commerce/ecommerce-project/Flask-restful/blueprints/__init__.py:54} INFO - REQUEST_LOG	{"status_code": 200, "method": "GET", "code": "200 OK", "uri": "/toko?search=&orderby=id&sort=asc", "request": null, "response": [{"id": 1, "user_id": 1, "nama": "Vaporwave Aesthetic", "deskripsi": "High Quality Vaporwave Aesthetic T-Shirt", "pemilik": "Aesthetic Guy", "popularitas": 50, "barang_populer": {"id": 32, "toko_id": 1, "nama": "Jojo Bizzare Adventure Aesthetic T-Shirt", "harga": "Rp. 203000", "deskripsi": "High Quality Aesthetic T-Shirt with Supima", "bahan": "Supima 30s", "gambar": "https://bunny.teeshirt21.com/2017/11/11/47846-1510376422277-Gildan-Men-White-_w91_-front.jpg", "terjual": 4}}, {"id": 2, "user_id": 2, "nama": "Micro Capitalism", "deskripsi": "Kumpulan T-Shirt karya The Popo", "pemilik": "ThePopo", "popularitas": 15, "barang_populer": {"id": 11, "toko_id": 2, "nama": "KAOS LENGAN PENDEK THE POPO -PINK FLOYD-", "harga": "Rp. 108500", "deskripsi": "Bahan Combed 30s, warna Hitam", "bahan": "Combed 30s", "gambar": "https://cf.shopee.co.id/file/df68a3648d0ec395102b80cd947e7261_tn", "terjual": 1}}, {"id": 3, "user_id": 3, "nama": "Ganvas by Rizpol", "deskripsi": "T-Shirt Preloved Rizpol, Mostly Dota Related", "pemilik": "Rizpol", "popularitas": 15, "barang_populer": {"id": 23, "toko_id": 3, "nama": "T-Shirt Slark Shark Dota 2 Limited Edition - Hitam", "harga": "Rp. 115500", "deskripsi": "Bahan Combed 30s, Warna Hitam", "bahan": "Combed 30s", "gambar": "https://ecs7.tokopedia.net/img/cache/200-square/product-1/2019/11/26/20491113/20491113_2b0f0081-d27f-4a29-ba77-2100e2d97db4_1080_1080", "terjual": 7}}]}
[2020-01-21 09:12:46,047] {/home/alta13/Documents/E-Commerce/ecommerce-project/Flask-restful/blueprints/__init__.py:54} INFO - REQUEST_LOG	{"status_code": 200, "method": "GET", "code": "200 OK", "uri": "/toko?search=&orderby=popularitas&sort=desc", "request": null, "response": [{"id": 1, "user_id": 1, "nama": "Vaporwave Aesthetic", "deskripsi": "High Quality Vaporwave Aesthetic T-Shirt", "pemilik": "Aesthetic Guy", "popularitas": 50, "barang_populer": {"id": 32, "toko_id": 1, "nama": "Jojo Bizzare Adventure Aesthetic T-Shirt", "harga": "Rp. 203000", "deskripsi": "High Quality Aesthetic T-Shirt with Supima", "bahan": "Supima 30s", "gambar": "https://bunny.teeshirt21.com/2017/11/11/47846-1510376422277-Gildan-Men-White-_w91_-front.jpg", "terjual": 4}}, {"id": 2, "user_id": 2, "nama": "Micro Capitalism", "deskripsi": "Kumpulan T-Shirt karya The Popo", "pemilik": "ThePopo", "popularitas": 15, "barang_populer": {"id": 11, "toko_id": 2, "nama": "KAOS LENGAN PENDEK THE POPO -PINK FLOYD-", "harga": "Rp. 108500", "deskripsi": "Bahan Combed 30s, warna Hitam", "bahan": "Combed 30s", "gambar": "https://cf.shopee.co.id/file/df68a3648d0ec395102b80cd947e7261_tn", "terjual": 1}}, {"id": 3, "user_id": 3, "nama": "Ganvas by Rizpol", "deskripsi": "T-Shirt Preloved Rizpol, Mostly Dota Related", "pemilik": "Rizpol", "popularitas": 15, "barang_populer": {"id": 23, "toko_id": 3, "nama": "T-Shirt Slark Shark Dota 2 Limited Edition - Hitam", "harga": "Rp. 115500", "deskripsi": "Bahan Combed 30s, Warna Hitam", "bahan": "Combed 30s", "gambar": "https://ecs7.tokopedia.net/img/cache/200-square/product-1/2019/11/26/20491113/20491113_2b0f0081-d27f-4a29-ba77-2100e2d97db4_1080_1080", "terjual": 7}}]}
[2020-01-21 09:12:47,037] {/home/alta13/Documents/E-Commerce/ecommerce-project/Flask-restful/blueprints/__init__.py:54} INFO - REQUEST_LOG	{"status_code": 200, "method": "GET", "code": "200 OK", "uri": "/toko?search=&orderby=popularitas&sort=desc", "request": null, "response": [{"id": 1, "user_id": 1, "nama": "Vaporwave Aesthetic", "deskripsi": "High Quality Vaporwave Aesthetic T-Shirt", "pemilik": "Aesthetic Guy", "popularitas": 50, "barang_populer": {"id": 32, "toko_id": 1, "nama": "Jojo Bizzare Adventure Aesthetic T-Shirt", "harga": "Rp. 203000", "deskripsi": "High Quality Aesthetic T-Shirt with Supima", "bahan": "Supima 30s", "gambar": "https://bunny.teeshirt21.com/2017/11/11/47846-1510376422277-Gildan-Men-White-_w91_-front.jpg", "terjual": 4}}, {"id": 2, "user_id": 2, "nama": "Micro Capitalism", "deskripsi": "Kumpulan T-Shirt karya The Popo", "pemilik": "ThePopo", "popularitas": 15, "barang_populer": {"id": 11, "toko_id": 2, "nama": "KAOS LENGAN PENDEK THE POPO -PINK FLOYD-", "harga": "Rp. 108500", "deskripsi": "Bahan Combed 30s, warna Hitam", "bahan": "Combed 30s", "gambar": "https://cf.shopee.co.id/file/df68a3648d0ec395102b80cd947e7261_tn", "terjual": 1}}, {"id": 3, "user_id": 3, "nama": "Ganvas by Rizpol", "deskripsi": "T-Shirt Preloved Rizpol, Mostly Dota Related", "pemilik": "Rizpol", "popularitas": 15, "barang_populer": {"id": 23, "toko_id": 3, "nama": "T-Shirt Slark Shark Dota 2 Limited Edition - Hitam", "harga": "Rp. 115500", "deskripsi": "Bahan Combed 30s, Warna Hitam", "bahan": "Combed 30s", "gambar": "https://ecs7.tokopedia.net/img/cache/200-square/product-1/2019/11/26/20491113/20491113_2b0f0081-d27f-4a29-ba77-2100e2d97db4_1080_1080", "terjual": 7}}]}
[2020-01-21 09:12:49,072] {/home/alta13/Documents/E-Commerce/ecommerce-project/Flask-restful/blueprints/__init__.py:54} INFO - REQUEST_LOG	{"status_code": 200, "method": "GET", "code": "200 OK", "uri": "/toko?search=&orderby=popularitas&sort=asc", "request": null, "response": [{"id": 4, "user_id": 4, "nama": "Preloved by Kobar", "deskripsi": "Baju Mahal", "pemilik": "kobars", "popularitas": 0, "barang_populer": ""}, {"id": 2, "user_id": 2, "nama": "Micro Capitalism", "deskripsi": "Kumpulan T-Shirt karya The Popo", "pemilik": "ThePopo", "popularitas": 15, "barang_populer": {"id": 11, "toko_id": 2, "nama": "KAOS LENGAN PENDEK THE POPO -PINK FLOYD-", "harga": "Rp. 108500", "deskripsi": "Bahan Combed 30s, warna Hitam", "bahan": "Combed 30s", "gambar": "https://cf.shopee.co.id/file/df68a3648d0ec395102b80cd947e7261_tn", "terjual": 1}}, {"id": 3, "user_id": 3, "nama": "Ganvas by Rizpol", "deskripsi": "T-Shirt Preloved Rizpol, Mostly Dota Related", "pemilik": "Rizpol", "popularitas": 15, "barang_populer": {"id": 23, "toko_id": 3, "nama": "T-Shirt Slark Shark Dota 2 Limited Edition - Hitam", "harga": "Rp. 115500", "deskripsi": "Bahan Combed 30s, Warna Hitam", "bahan": "Combed 30s", "gambar": "https://ecs7.tokopedia.net/img/cache/200-square/product-1/2019/11/26/20491113/20491113_2b0f0081-d27f-4a29-ba77-2100e2d97db4_1080_1080", "terjual": 7}}]}
[2020-01-21 09:12:53,335] {/home/alta13/Documents/E-Commerce/ecommerce-project/Flask-restful/blueprints/__init__.py:54} INFO - REQUEST_LOG	{"status_code": 200, "method": "GET", "code": "200 OK", "uri": "/toko?search=&orderby=popularitas&sort=desc", "request": null, "response": [{"id": 1, "user_id": 1, "nama": "Vaporwave Aesthetic", "deskripsi": "High Quality Vaporwave Aesthetic T-Shirt", "pemilik": "Aesthetic Guy", "popularitas": 50, "barang_populer": {"id": 32, "toko_id": 1, "nama": "Jojo Bizzare Adventure Aesthetic T-Shirt", "harga": "Rp. 203000", "deskripsi": "High Quality Aesthetic T-Shirt with Supima", "bahan": "Supima 30s", "gambar": "https://bunny.teeshirt21.com/2017/11/11/47846-1510376422277-Gildan-Men-White-_w91_-front.jpg", "terjual": 4}}, {"id": 2, "user_id": 2, "nama": "Micro Capitalism", "deskripsi": "Kumpulan T-Shirt karya The Popo", "pemilik": "ThePopo", "popularitas": 15, "barang_populer": {"id": 11, "toko_id": 2, "nama": "KAOS LENGAN PENDEK THE POPO -PINK FLOYD-", "harga": "Rp. 108500", "deskripsi": "Bahan Combed 30s, warna Hitam", "bahan": "Combed 30s", "gambar": "https://cf.shopee.co.id/file/df68a3648d0ec395102b80cd947e7261_tn", "terjual": 1}}, {"id": 3, "user_id": 3, "nama": "Ganvas by Rizpol", "deskripsi": "T-Shirt Preloved Rizpol, Mostly Dota Related", "pemilik": "Rizpol", "popularitas": 15, "barang_populer": {"id": 23, "toko_id": 3, "nama": "T-Shirt Slark Shark Dota 2 Limited Edition - Hitam", "harga": "Rp. 115500", "deskripsi": "Bahan Combed 30s, Warna Hitam", "bahan": "Combed 30s", "gambar": "https://ecs7.tokopedia.net/img/cache/200-square/product-1/2019/11/26/20491113/20491113_2b0f0081-d27f-4a29-ba77-2100e2d97db4_1080_1080", "terjual": 7}}]}
[2020-01-21 09:12:55,661] {/home/alta13/Documents/E-Commerce/ecommerce-project/Flask-restful/blueprints/__init__.py:54} INFO - REQUEST_LOG	{"status_code": 200, "method": "GET", "code": "200 OK", "uri": "/toko?search=&orderby=popularitas&sort=desc", "request": null, "response": [{"id": 1, "user_id": 1, "nama": "Vaporwave Aesthetic", "deskripsi": "High Quality Vaporwave Aesthetic T-Shirt", "pemilik": "Aesthetic Guy", "popularitas": 50, "barang_populer": {"id": 32, "toko_id": 1, "nama": "Jojo Bizzare Adventure Aesthetic T-Shirt", "harga": "Rp. 203000", "deskripsi": "High Quality Aesthetic T-Shirt with Supima", "bahan": "Supima 30s", "gambar": "https://bunny.teeshirt21.com/2017/11/11/47846-1510376422277-Gildan-Men-White-_w91_-front.jpg", "terjual": 4}}, {"id": 2, "user_id": 2, "nama": "Micro Capitalism", "deskripsi": "Kumpulan T-Shirt karya The Popo", "pemilik": "ThePopo", "popularitas": 15, "barang_populer": {"id": 11, "toko_id": 2, "nama": "KAOS LENGAN PENDEK THE POPO -PINK FLOYD-", "harga": "Rp. 108500", "deskripsi": "Bahan Combed 30s, warna Hitam", "bahan": "Combed 30s", "gambar": "https://cf.shopee.co.id/file/df68a3648d0ec395102b80cd947e7261_tn", "terjual": 1}}, {"id": 3, "user_id": 3, "nama": "Ganvas by Rizpol", "deskripsi": "T-Shirt Preloved Rizpol, Mostly Dota Related", "pemilik": "Rizpol", "popularitas": 15, "barang_populer": {"id": 23, "toko_id": 3, "nama": "T-Shirt Slark Shark Dota 2 Limited Edition - Hitam", "harga": "Rp. 115500", "deskripsi": "Bahan Combed 30s, Warna Hitam", "bahan": "Combed 30s", "gambar": "https://ecs7.tokopedia.net/img/cache/200-square/product-1/2019/11/26/20491113/20491113_2b0f0081-d27f-4a29-ba77-2100e2d97db4_1080_1080", "terjual": 7}}]}
[2020-01-21 09:13:10,818] {/home/alta13/Documents/E-Commerce/ecommerce-project/Flask-restful/blueprints/__init__.py:54} INFO - REQUEST_LOG	{"status_code": 200, "method": "OPTIONS", "code": "200 OK", "uri": "/user?", "request": null, "response": {}}
[2020-01-21 09:13:10,848] {/home/alta13/Documents/E-Commerce/ecommerce-project/Flask-restful/blueprints/__init__.py:54} INFO - REQUEST_LOG	{"status_code": 200, "method": "GET", "code": "200 OK", "uri": "/toko?search=&orderby=popularitas&sort=desc", "request": null, "response": [{"id": 1, "user_id": 1, "nama": "Vaporwave Aesthetic", "deskripsi": "High Quality Vaporwave Aesthetic T-Shirt", "pemilik": "Aesthetic Guy", "popularitas": 50, "barang_populer": {"id": 32, "toko_id": 1, "nama": "Jojo Bizzare Adventure Aesthetic T-Shirt", "harga": "Rp. 203000", "deskripsi": "High Quality Aesthetic T-Shirt with Supima", "bahan": "Supima 30s", "gambar": "https://bunny.teeshirt21.com/2017/11/11/47846-1510376422277-Gildan-Men-White-_w91_-front.jpg", "terjual": 4}}, {"id": 2, "user_id": 2, "nama": "Micro Capitalism", "deskripsi": "Kumpulan T-Shirt karya The Popo", "pemilik": "ThePopo", "popularitas": 15, "barang_populer": {"id": 11, "toko_id": 2, "nama": "KAOS LENGAN PENDEK THE POPO -PINK FLOYD-", "harga": "Rp. 108500", "deskripsi": "Bahan Combed 30s, warna Hitam", "bahan": "Combed 30s", "gambar": "https://cf.shopee.co.id/file/df68a3648d0ec395102b80cd947e7261_tn", "terjual": 1}}, {"id": 3, "user_id": 3, "nama": "Ganvas by Rizpol", "deskripsi": "T-Shirt Preloved Rizpol, Mostly Dota Related", "pemilik": "Rizpol", "popularitas": 15, "barang_populer": {"id": 23, "toko_id": 3, "nama": "T-Shirt Slark Shark Dota 2 Limited Edition - Hitam", "harga": "Rp. 115500", "deskripsi": "Bahan Combed 30s, Warna Hitam", "bahan": "Combed 30s", "gambar": "https://ecs7.tokopedia.net/img/cache/200-square/product-1/2019/11/26/20491113/20491113_2b0f0081-d27f-4a29-ba77-2100e2d97db4_1080_1080", "terjual": 7}}]}
[2020-01-21 09:13:10,883] {/home/alta13/Documents/E-Commerce/ecommerce-project/Flask-restful/blueprints/__init__.py:54} INFO - REQUEST_LOG	{"status_code": 200, "method": "GET", "code": "200 OK", "uri": "/user?", "request": null, "response": {"info_user": {"id": 1, "full_name": "Mohammad Daffa", "email": "m.daffa100@yahoo.com", "username": "Aesthetic Guy", "designer_status": true}, "info_toko": {"id": 1, "user_id": 1, "nama": "Vaporwave Aesthetic", "deskripsi": "High Quality Vaporwave Aesthetic T-Shirt", "pemilik": "Aesthetic Guy", "popularitas": 50, "keuntungan": "Rp. 209000"}, "riwayat_transaksi": [{"id": 9, "barang_id": 23, "nama_barang": "T-Shirt Slark Shark Dota 2 Limited Edition - Hitam", "harga_barang": "Rp. 115500", "user_id": 1, "jumlah": 2, "ukuran": "XL", "id_pemesanan": 8, "total_harga": "Rp. 231000", "total_harga_int": 231000, "waktu_pemesanan": "Thu, 16 Jan 2020 20:19:59 -0000"}, {"id": 10, "barang_id": 11, "nama_barang": "KAOS LENGAN PENDEK THE POPO -PINK FLOYD-", "harga_barang": "Rp. 108500", "user_id": 1, "jumlah": 1, "ukuran": "XL", "id_pemesanan": 9, "total_harga": "Rp. 108500", "total_harga_int": 108500, "waktu_pemesanan": "Thu, 16 Jan 2020 20:19:59 -0000"}, {"id": 11, "barang_id": 24, "nama_barang": "T-Shirt Bear Ursa Dota 2 Limited Edition - Black", "harga_barang": "Rp. 115500", "user_id": 1, "jumlah": 1, "ukuran": "XL", "id_pemesanan": 10, "total_harga": "Rp. 115500", "total_harga_int": 115500, "waktu_pemesanan": "Thu, 16 Jan 2020 20:19:59 -0000"}, {"id": 12, "barang_id": 3, "nama_barang": "Vaporwave Aesthetic T-Shirt Old Monitor Kawaii", "harga_barang": "Rp. 190000", "user_id": 1, "jumlah": 1, "ukuran": "XL", "id_pemesanan": 11, "total_harga": "Rp. 190000", "total_harga_int": 190000, "waktu_pemesanan": "Fri, 17 Jan 2020 09:00:44 -0000"}, {"id": 13, "barang_id": 8, "nama_barang": "Mix Tape 80s Japanese Otaku Aesthetic Vaporwave Art T-Shirt", "harga_barang": "Rp. 190000", "user_id": 1, "jumlah": 1, "ukuran": "XL", "id_pemesanan": 12, "total_harga": "Rp. 190000", "total_harga_int": 190000, "waktu_pemesanan": "Fri, 17 Jan 2020 09:00:44 -0000"}]}}
[2020-01-21 09:14:21,654] {/home/alta13/Documents/E-Commerce/ecommerce-project/Flask-restful/blueprints/__init__.py:54} INFO - REQUEST_LOG	{"status_code": 200, "method": "OPTIONS", "code": "200 OK", "uri": "/user?", "request": null, "response": {}}
[2020-01-21 09:14:21,669] {/home/alta13/Documents/E-Commerce/ecommerce-project/Flask-restful/blueprints/__init__.py:54} INFO - REQUEST_LOG	{"status_code": 200, "method": "GET", "code": "200 OK", "uri": "/toko?search=&orderby=popularitas&sort=desc", "request": null, "response": [{"id": 1, "user_id": 1, "nama": "Vaporwave Aesthetic", "deskripsi": "High Quality Vaporwave Aesthetic T-Shirt", "pemilik": "Aesthetic Guy", "popularitas": 50, "barang_populer": {"id": 32, "toko_id": 1, "nama": "Jojo Bizzare Adventure Aesthetic T-Shirt", "harga": "Rp. 203000", "deskripsi": "High Quality Aesthetic T-Shirt with Supima", "bahan": "Supima 30s", "gambar": "https://bunny.teeshirt21.com/2017/11/11/47846-1510376422277-Gildan-Men-White-_w91_-front.jpg", "terjual": 4}}, {"id": 2, "user_id": 2, "nama": "Micro Capitalism", "deskripsi": "Kumpulan T-Shirt karya The Popo", "pemilik": "ThePopo", "popularitas": 15, "barang_populer": {"id": 11, "toko_id": 2, "nama": "KAOS LENGAN PENDEK THE POPO -PINK FLOYD-", "harga": "Rp. 108500", "deskripsi": "Bahan Combed 30s, warna Hitam", "bahan": "Combed 30s", "gambar": "https://cf.shopee.co.id/file/df68a3648d0ec395102b80cd947e7261_tn", "terjual": 1}}, {"id": 3, "user_id": 3, "nama": "Ganvas by Rizpol", "deskripsi": "T-Shirt Preloved Rizpol, Mostly Dota Related", "pemilik": "Rizpol", "popularitas": 15, "barang_populer": {"id": 23, "toko_id": 3, "nama": "T-Shirt Slark Shark Dota 2 Limited Edition - Hitam", "harga": "Rp. 115500", "deskripsi": "Bahan Combed 30s, Warna Hitam", "bahan": "Combed 30s", "gambar": "https://ecs7.tokopedia.net/img/cache/200-square/product-1/2019/11/26/20491113/20491113_2b0f0081-d27f-4a29-ba77-2100e2d97db4_1080_1080", "terjual": 7}}]}
[2020-01-21 09:14:21,699] {/home/alta13/Documents/E-Commerce/ecommerce-project/Flask-restful/blueprints/__init__.py:54} INFO - REQUEST_LOG	{"status_code": 200, "method": "GET", "code": "200 OK", "uri": "/user?", "request": null, "response": {"info_user": {"id": 1, "full_name": "Mohammad Daffa", "email": "m.daffa100@yahoo.com", "username": "Aesthetic Guy", "designer_status": true}, "info_toko": {"id": 1, "user_id": 1, "nama": "Vaporwave Aesthetic", "deskripsi": "High Quality Vaporwave Aesthetic T-Shirt", "pemilik": "Aesthetic Guy", "popularitas": 50, "keuntungan": "Rp. 209000"}, "riwayat_transaksi": [{"id": 9, "barang_id": 23, "nama_barang": "T-Shirt Slark Shark Dota 2 Limited Edition - Hitam", "harga_barang": "Rp. 115500", "user_id": 1, "jumlah": 2, "ukuran": "XL", "id_pemesanan": 8, "total_harga": "Rp. 231000", "total_harga_int": 231000, "waktu_pemesanan": "Thu, 16 Jan 2020 20:19:59 -0000"}, {"id": 10, "barang_id": 11, "nama_barang": "KAOS LENGAN PENDEK THE POPO -PINK FLOYD-", "harga_barang": "Rp. 108500", "user_id": 1, "jumlah": 1, "ukuran": "XL", "id_pemesanan": 9, "total_harga": "Rp. 108500", "total_harga_int": 108500, "waktu_pemesanan": "Thu, 16 Jan 2020 20:19:59 -0000"}, {"id": 11, "barang_id": 24, "nama_barang": "T-Shirt Bear Ursa Dota 2 Limited Edition - Black", "harga_barang": "Rp. 115500", "user_id": 1, "jumlah": 1, "ukuran": "XL", "id_pemesanan": 10, "total_harga": "Rp. 115500", "total_harga_int": 115500, "waktu_pemesanan": "Thu, 16 Jan 2020 20:19:59 -0000"}, {"id": 12, "barang_id": 3, "nama_barang": "Vaporwave Aesthetic T-Shirt Old Monitor Kawaii", "harga_barang": "Rp. 190000", "user_id": 1, "jumlah": 1, "ukuran": "XL", "id_pemesanan": 11, "total_harga": "Rp. 190000", "total_harga_int": 190000, "waktu_pemesanan": "Fri, 17 Jan 2020 09:00:44 -0000"}, {"id": 13, "barang_id": 8, "nama_barang": "Mix Tape 80s Japanese Otaku Aesthetic Vaporwave Art T-Shirt", "harga_barang": "Rp. 190000", "user_id": 1, "jumlah": 1, "ukuran": "XL", "id_pemesanan": 12, "total_harga": "Rp. 190000", "total_harga_int": 190000, "waktu_pemesanan": "Fri, 17 Jan 2020 09:00:44 -0000"}]}}
=======
[2020-01-17 20:12:28,232] {/home/alta13/Documents/E-Commerce/TEESIGNR/blueprints/__init__.py:54} INFO - REQUEST_LOG	{"status_code": 200, "method": "GET", "code": "200 OK", "uri": "/toko/1?", "request": null, "response": {"id": 1, "user_id": 1, "nama": "Vaporwave Aesthetic", "deskripsi": "High Quality Vaporwave Aesthetic T-Shirt", "pemilik": "Aesthetic Guy", "popularitas": 50, "daftar jualan": [{"id": 1, "toko_id": 1, "nama": "Vaporwave T-Shirt Harajuku Head", "harga": "Rp. 190000", "deskripsi": "High Quality Vaporwave T-Shirt with Supima 30s", "bahan": "Supima 30s", "gambar": "https://res.cloudinary.com/teepublic/image/private/s--1dT_3PbV--/t_Resized%20Artwork/c_crop,x_10,y_10/c_fit,w_470/c_crop,g_north_west,h_626,w_470,x_0,y_0/g_north_west,u_upload:v1462829024:production:blanks:a59x1cgomgu5lprfjlmi,x_-395,y_-325/b_rgb:eeeeee/c_limit,f_jpg,h_630,q_90,w_630/v1523984693/production/designs/2599508_0.jpg", "terjual": 1}, {"id": 2, "toko_id": 1, "nama": "Vaporwave Aesthetic T-Shirt with Japanese Word", "harga": "Rp. 190000", "deskripsi": "High Quality Vaporwave Aesthetic T-Shirt with Supima 30s", "bahan": "Supima 30s", "gambar": "https://image.spreadshirtmedia.net/image-server/v1/products/T977A1PA2107PT1X31Y3D144443879FS5052/views/1,width=650,height=650,appearanceId=1,backgroundColor=747476/japanese-phrase-in-the-vaporwave-spirit.jpg", "terjual": 0}, {"id": 3, "toko_id": 1, "nama": "Vaporwave Aesthetic T-Shirt Old Monitor Kawaii", "harga": "Rp. 190000", "deskripsi": "High Quality Vaporwave T-Shirt with Supima 30s", "bahan": "Supima 30s", "gambar": "https://d111vui60acwyt.cloudfront.net/product_photos/65599569/file_1675a60f66_original.jpg", "terjual": 1}, {"id": 4, "toko_id": 1, "nama": "Vaporwave Aesthetic T-Shirt Offline Japanese", "harga": "Rp. 190000", "deskripsi": "High Quality Vaporwave T-Shirt with Supima 30s", "bahan": "Supima 30s", "gambar": "https://cdn.designbyhumans.com/product_images/p/1154443.65.29272S7YyNAAA-650x650-b-p-eee.jpg", "terjual": 0}, {"id": 5, "toko_id": 1, "nama": "Vaporwave Aesthetic T-Shirt Greek Head Japanese", "harga": "Rp. 190000", "deskripsi": "High Quality Vaporwave T-Shirt with Supima 30s", "bahan": "Supima 30s", "gambar": "https://m.media-amazon.com/images/I/B1qmQK-r4OS._AC_CLa%7C2140%2C2000%7C919A1PIwt1L.png%7C0%2C0%2C2140%2C2000%2B0.0%2C0.0%2C2140.0%2C2000.0._SX385._SX._UX._SY._UY_.png", "terjual": 1}, {"id": 6, "toko_id": 1, "nama": "Retro 80s Vaporwave Outrun style T-Shirt", "harga": "Rp. 190000", "deskripsi": "High Quality Vaporwave T-Shirt with Supima 30s", "bahan": "Supima 30s", "gambar": "https://m.media-amazon.com/images/I/A1vJUKBjc2L._AC_CLa%7C2140%2C2000%7CA1ZT-oqtwzL.png%7C0%2C0%2C2140%2C2000%2B0.0%2C0.0%2C2140.0%2C2000.0._SX385._SX._UX._SY._UY_.png", "terjual": 0}, {"id": 7, "toko_id": 1, "nama": "Aesthetic Vaporwave T Shirt Retro 1980s 1990s Otaku Tee", "harga": "Rp. 190000", "deskripsi": "High Quality Vaporwave T-Shirt with Supima 30s", "bahan": "Supima 30s", "gambar": "https://m.media-amazon.com/images/I/A13usaonutL._AC_CLa%7C2140%2C2000%7C91vFr2fLz4L.png%7C0%2C0%2C2140%2C2000%2B0.0%2C0.0%2C2140.0%2C2000.0._SX385._SX._UX._SY._UY_.png", "terjual": 0}, {"id": 8, "toko_id": 1, "nama": "Mix Tape 80s Japanese Otaku Aesthetic Vaporwave Art T-Shirt", "harga": "Rp. 190000", "deskripsi": "High Quality Vaporwave T-Shirt with Supima 30s", "bahan": "Supima 30s", "gambar": "https://m.media-amazon.com/images/I/A13usaonutL._AC_CLa%7C2140%2C2000%7C91K%2BDk3ZH3L.png%7C0%2C0%2C2140%2C2000%2B0.0%2C0.0%2C2140.0%2C2000.0._SX385._SX._UX._SY._UY_.png", "terjual": 2}, {"id": 9, "toko_id": 1, "nama": "90s Japanese Otaku Stylish Aesthetic Milk T-Shirt", "harga": "Rp. 190000", "deskripsi": "High Quality Vaporwave T-Shirt with Supima 30s", "bahan": "Supima 30s", "gambar": "https://m.media-amazon.com/images/I/A13usaonutL._AC_CLa%7C2140%2C2000%7C916HePwBCIL.png%7C0%2C0%2C2140%2C2000%2B0.0%2C0.0%2C2140.0%2C2000.0._SX385._SX._UX._SY._UY_.png", "terjual": 1}, {"id": 10, "toko_id": 1, "nama": "Vaporwave Medusa Statue Aesthetic Retro Japanese Otaku Art T-Shirt", "harga": "Rp. 190000", "deskripsi": "High Quality Vaporwave T-Shirt with Supima 30s", "bahan": "Supima 30s", "gambar": "https://m.media-amazon.com/images/I/A1vJUKBjc2L._AC_CLa%7C2140%2C2000%7C919V0wbfhhL.png%7C0%2C0%2C2140%2C2000%2B0.0%2C0.0%2C2140.0%2C2000.0._SX385._SX._UX._SY._UY_.png", "terjual": 1}, {"id": 25, "toko_id": 1, "nama": "Vaporwave Aesthetic T-Shirt Great Wave Kanagara Sad Miami Retro", "harga": "Rp. 203000", "deskripsi": "High Quality Aesthetic T-Shirt with Supima 30s", "bahan": "Supima 30s", "gambar": "https://i.ebayimg.com/images/g/sGwAAOSw2~1cuPki/s-l300.jpg", "terjual": 0}, {"id": 26, "toko_id": 1, "nama": "Vaporwave Shirt Arizona Iced Tea (Aesthetic) T Shirt By SenorFiredude Design By Suparno", "harga": "Rp. 203000", "deskripsi": "High Quality Aesthetic T-Shirt with Supima", "bahan": "Supima 30s", "gambar": "https://cdn.designbyhumans.com/product_images/p/1092812.65.53f7cS7ayBAA-650x650-b-p-eee.jpg", "terjual": 1}]}}
[2020-01-17 20:12:28,517] {/home/alta13/Documents/E-Commerce/TEESIGNR/blueprints/__init__.py:54} INFO - REQUEST_LOG	{"status_code": 200, "method": "GET", "code": "200 OK", "uri": "/toko/1?", "request": null, "response": {"id": 1, "user_id": 1, "nama": "Vaporwave Aesthetic", "deskripsi": "High Quality Vaporwave Aesthetic T-Shirt", "pemilik": "Aesthetic Guy", "popularitas": 50, "daftar jualan": [{"id": 1, "toko_id": 1, "nama": "Vaporwave T-Shirt Harajuku Head", "harga": "Rp. 190000", "deskripsi": "High Quality Vaporwave T-Shirt with Supima 30s", "bahan": "Supima 30s", "gambar": "https://res.cloudinary.com/teepublic/image/private/s--1dT_3PbV--/t_Resized%20Artwork/c_crop,x_10,y_10/c_fit,w_470/c_crop,g_north_west,h_626,w_470,x_0,y_0/g_north_west,u_upload:v1462829024:production:blanks:a59x1cgomgu5lprfjlmi,x_-395,y_-325/b_rgb:eeeeee/c_limit,f_jpg,h_630,q_90,w_630/v1523984693/production/designs/2599508_0.jpg", "terjual": 1}, {"id": 2, "toko_id": 1, "nama": "Vaporwave Aesthetic T-Shirt with Japanese Word", "harga": "Rp. 190000", "deskripsi": "High Quality Vaporwave Aesthetic T-Shirt with Supima 30s", "bahan": "Supima 30s", "gambar": "https://image.spreadshirtmedia.net/image-server/v1/products/T977A1PA2107PT1X31Y3D144443879FS5052/views/1,width=650,height=650,appearanceId=1,backgroundColor=747476/japanese-phrase-in-the-vaporwave-spirit.jpg", "terjual": 0}, {"id": 3, "toko_id": 1, "nama": "Vaporwave Aesthetic T-Shirt Old Monitor Kawaii", "harga": "Rp. 190000", "deskripsi": "High Quality Vaporwave T-Shirt with Supima 30s", "bahan": "Supima 30s", "gambar": "https://d111vui60acwyt.cloudfront.net/product_photos/65599569/file_1675a60f66_original.jpg", "terjual": 1}, {"id": 4, "toko_id": 1, "nama": "Vaporwave Aesthetic T-Shirt Offline Japanese", "harga": "Rp. 190000", "deskripsi": "High Quality Vaporwave T-Shirt with Supima 30s", "bahan": "Supima 30s", "gambar": "https://cdn.designbyhumans.com/product_images/p/1154443.65.29272S7YyNAAA-650x650-b-p-eee.jpg", "terjual": 0}, {"id": 5, "toko_id": 1, "nama": "Vaporwave Aesthetic T-Shirt Greek Head Japanese", "harga": "Rp. 190000", "deskripsi": "High Quality Vaporwave T-Shirt with Supima 30s", "bahan": "Supima 30s", "gambar": "https://m.media-amazon.com/images/I/B1qmQK-r4OS._AC_CLa%7C2140%2C2000%7C919A1PIwt1L.png%7C0%2C0%2C2140%2C2000%2B0.0%2C0.0%2C2140.0%2C2000.0._SX385._SX._UX._SY._UY_.png", "terjual": 1}, {"id": 6, "toko_id": 1, "nama": "Retro 80s Vaporwave Outrun style T-Shirt", "harga": "Rp. 190000", "deskripsi": "High Quality Vaporwave T-Shirt with Supima 30s", "bahan": "Supima 30s", "gambar": "https://m.media-amazon.com/images/I/A1vJUKBjc2L._AC_CLa%7C2140%2C2000%7CA1ZT-oqtwzL.png%7C0%2C0%2C2140%2C2000%2B0.0%2C0.0%2C2140.0%2C2000.0._SX385._SX._UX._SY._UY_.png", "terjual": 0}, {"id": 7, "toko_id": 1, "nama": "Aesthetic Vaporwave T Shirt Retro 1980s 1990s Otaku Tee", "harga": "Rp. 190000", "deskripsi": "High Quality Vaporwave T-Shirt with Supima 30s", "bahan": "Supima 30s", "gambar": "https://m.media-amazon.com/images/I/A13usaonutL._AC_CLa%7C2140%2C2000%7C91vFr2fLz4L.png%7C0%2C0%2C2140%2C2000%2B0.0%2C0.0%2C2140.0%2C2000.0._SX385._SX._UX._SY._UY_.png", "terjual": 0}, {"id": 8, "toko_id": 1, "nama": "Mix Tape 80s Japanese Otaku Aesthetic Vaporwave Art T-Shirt", "harga": "Rp. 190000", "deskripsi": "High Quality Vaporwave T-Shirt with Supima 30s", "bahan": "Supima 30s", "gambar": "https://m.media-amazon.com/images/I/A13usaonutL._AC_CLa%7C2140%2C2000%7C91K%2BDk3ZH3L.png%7C0%2C0%2C2140%2C2000%2B0.0%2C0.0%2C2140.0%2C2000.0._SX385._SX._UX._SY._UY_.png", "terjual": 2}, {"id": 9, "toko_id": 1, "nama": "90s Japanese Otaku Stylish Aesthetic Milk T-Shirt", "harga": "Rp. 190000", "deskripsi": "High Quality Vaporwave T-Shirt with Supima 30s", "bahan": "Supima 30s", "gambar": "https://m.media-amazon.com/images/I/A13usaonutL._AC_CLa%7C2140%2C2000%7C916HePwBCIL.png%7C0%2C0%2C2140%2C2000%2B0.0%2C0.0%2C2140.0%2C2000.0._SX385._SX._UX._SY._UY_.png", "terjual": 1}, {"id": 10, "toko_id": 1, "nama": "Vaporwave Medusa Statue Aesthetic Retro Japanese Otaku Art T-Shirt", "harga": "Rp. 190000", "deskripsi": "High Quality Vaporwave T-Shirt with Supima 30s", "bahan": "Supima 30s", "gambar": "https://m.media-amazon.com/images/I/A1vJUKBjc2L._AC_CLa%7C2140%2C2000%7C919V0wbfhhL.png%7C0%2C0%2C2140%2C2000%2B0.0%2C0.0%2C2140.0%2C2000.0._SX385._SX._UX._SY._UY_.png", "terjual": 1}, {"id": 25, "toko_id": 1, "nama": "Vaporwave Aesthetic T-Shirt Great Wave Kanagara Sad Miami Retro", "harga": "Rp. 203000", "deskripsi": "High Quality Aesthetic T-Shirt with Supima 30s", "bahan": "Supima 30s", "gambar": "https://i.ebayimg.com/images/g/sGwAAOSw2~1cuPki/s-l300.jpg", "terjual": 0}, {"id": 26, "toko_id": 1, "nama": "Vaporwave Shirt Arizona Iced Tea (Aesthetic) T Shirt By SenorFiredude Design By Suparno", "harga": "Rp. 203000", "deskripsi": "High Quality Aesthetic T-Shirt with Supima", "bahan": "Supima 30s", "gambar": "https://cdn.designbyhumans.com/product_images/p/1092812.65.53f7cS7ayBAA-650x650-b-p-eee.jpg", "terjual": 1}]}}
[2020-01-17 20:12:28,569] {/home/alta13/Documents/E-Commerce/TEESIGNR/blueprints/__init__.py:54} INFO - REQUEST_LOG	{"status_code": 200, "method": "GET", "code": "200 OK", "uri": "/toko/1?", "request": null, "response": {"id": 1, "user_id": 1, "nama": "Vaporwave Aesthetic", "deskripsi": "High Quality Vaporwave Aesthetic T-Shirt", "pemilik": "Aesthetic Guy", "popularitas": 50, "daftar jualan": [{"id": 1, "toko_id": 1, "nama": "Vaporwave T-Shirt Harajuku Head", "harga": "Rp. 190000", "deskripsi": "High Quality Vaporwave T-Shirt with Supima 30s", "bahan": "Supima 30s", "gambar": "https://res.cloudinary.com/teepublic/image/private/s--1dT_3PbV--/t_Resized%20Artwork/c_crop,x_10,y_10/c_fit,w_470/c_crop,g_north_west,h_626,w_470,x_0,y_0/g_north_west,u_upload:v1462829024:production:blanks:a59x1cgomgu5lprfjlmi,x_-395,y_-325/b_rgb:eeeeee/c_limit,f_jpg,h_630,q_90,w_630/v1523984693/production/designs/2599508_0.jpg", "terjual": 1}, {"id": 2, "toko_id": 1, "nama": "Vaporwave Aesthetic T-Shirt with Japanese Word", "harga": "Rp. 190000", "deskripsi": "High Quality Vaporwave Aesthetic T-Shirt with Supima 30s", "bahan": "Supima 30s", "gambar": "https://image.spreadshirtmedia.net/image-server/v1/products/T977A1PA2107PT1X31Y3D144443879FS5052/views/1,width=650,height=650,appearanceId=1,backgroundColor=747476/japanese-phrase-in-the-vaporwave-spirit.jpg", "terjual": 0}, {"id": 3, "toko_id": 1, "nama": "Vaporwave Aesthetic T-Shirt Old Monitor Kawaii", "harga": "Rp. 190000", "deskripsi": "High Quality Vaporwave T-Shirt with Supima 30s", "bahan": "Supima 30s", "gambar": "https://d111vui60acwyt.cloudfront.net/product_photos/65599569/file_1675a60f66_original.jpg", "terjual": 1}, {"id": 4, "toko_id": 1, "nama": "Vaporwave Aesthetic T-Shirt Offline Japanese", "harga": "Rp. 190000", "deskripsi": "High Quality Vaporwave T-Shirt with Supima 30s", "bahan": "Supima 30s", "gambar": "https://cdn.designbyhumans.com/product_images/p/1154443.65.29272S7YyNAAA-650x650-b-p-eee.jpg", "terjual": 0}, {"id": 5, "toko_id": 1, "nama": "Vaporwave Aesthetic T-Shirt Greek Head Japanese", "harga": "Rp. 190000", "deskripsi": "High Quality Vaporwave T-Shirt with Supima 30s", "bahan": "Supima 30s", "gambar": "https://m.media-amazon.com/images/I/B1qmQK-r4OS._AC_CLa%7C2140%2C2000%7C919A1PIwt1L.png%7C0%2C0%2C2140%2C2000%2B0.0%2C0.0%2C2140.0%2C2000.0._SX385._SX._UX._SY._UY_.png", "terjual": 1}, {"id": 6, "toko_id": 1, "nama": "Retro 80s Vaporwave Outrun style T-Shirt", "harga": "Rp. 190000", "deskripsi": "High Quality Vaporwave T-Shirt with Supima 30s", "bahan": "Supima 30s", "gambar": "https://m.media-amazon.com/images/I/A1vJUKBjc2L._AC_CLa%7C2140%2C2000%7CA1ZT-oqtwzL.png%7C0%2C0%2C2140%2C2000%2B0.0%2C0.0%2C2140.0%2C2000.0._SX385._SX._UX._SY._UY_.png", "terjual": 0}, {"id": 7, "toko_id": 1, "nama": "Aesthetic Vaporwave T Shirt Retro 1980s 1990s Otaku Tee", "harga": "Rp. 190000", "deskripsi": "High Quality Vaporwave T-Shirt with Supima 30s", "bahan": "Supima 30s", "gambar": "https://m.media-amazon.com/images/I/A13usaonutL._AC_CLa%7C2140%2C2000%7C91vFr2fLz4L.png%7C0%2C0%2C2140%2C2000%2B0.0%2C0.0%2C2140.0%2C2000.0._SX385._SX._UX._SY._UY_.png", "terjual": 0}, {"id": 8, "toko_id": 1, "nama": "Mix Tape 80s Japanese Otaku Aesthetic Vaporwave Art T-Shirt", "harga": "Rp. 190000", "deskripsi": "High Quality Vaporwave T-Shirt with Supima 30s", "bahan": "Supima 30s", "gambar": "https://m.media-amazon.com/images/I/A13usaonutL._AC_CLa%7C2140%2C2000%7C91K%2BDk3ZH3L.png%7C0%2C0%2C2140%2C2000%2B0.0%2C0.0%2C2140.0%2C2000.0._SX385._SX._UX._SY._UY_.png", "terjual": 2}, {"id": 9, "toko_id": 1, "nama": "90s Japanese Otaku Stylish Aesthetic Milk T-Shirt", "harga": "Rp. 190000", "deskripsi": "High Quality Vaporwave T-Shirt with Supima 30s", "bahan": "Supima 30s", "gambar": "https://m.media-amazon.com/images/I/A13usaonutL._AC_CLa%7C2140%2C2000%7C916HePwBCIL.png%7C0%2C0%2C2140%2C2000%2B0.0%2C0.0%2C2140.0%2C2000.0._SX385._SX._UX._SY._UY_.png", "terjual": 1}, {"id": 10, "toko_id": 1, "nama": "Vaporwave Medusa Statue Aesthetic Retro Japanese Otaku Art T-Shirt", "harga": "Rp. 190000", "deskripsi": "High Quality Vaporwave T-Shirt with Supima 30s", "bahan": "Supima 30s", "gambar": "https://m.media-amazon.com/images/I/A1vJUKBjc2L._AC_CLa%7C2140%2C2000%7C919V0wbfhhL.png%7C0%2C0%2C2140%2C2000%2B0.0%2C0.0%2C2140.0%2C2000.0._SX385._SX._UX._SY._UY_.png", "terjual": 1}, {"id": 25, "toko_id": 1, "nama": "Vaporwave Aesthetic T-Shirt Great Wave Kanagara Sad Miami Retro", "harga": "Rp. 203000", "deskripsi": "High Quality Aesthetic T-Shirt with Supima 30s", "bahan": "Supima 30s", "gambar": "https://i.ebayimg.com/images/g/sGwAAOSw2~1cuPki/s-l300.jpg", "terjual": 0}, {"id": 26, "toko_id": 1, "nama": "Vaporwave Shirt Arizona Iced Tea (Aesthetic) T Shirt By SenorFiredude Design By Suparno", "harga": "Rp. 203000", "deskripsi": "High Quality Aesthetic T-Shirt with Supima", "bahan": "Supima 30s", "gambar": "https://cdn.designbyhumans.com/product_images/p/1092812.65.53f7cS7ayBAA-650x650-b-p-eee.jpg", "terjual": 1}]}}
[2020-01-17 20:12:35,933] {/home/alta13/Documents/E-Commerce/TEESIGNR/blueprints/__init__.py:54} INFO - REQUEST_LOG	{"status_code": 200, "method": "OPTIONS", "code": "200 OK", "uri": "/auth/login?", "request": null, "response": {}}
[2020-01-17 20:12:35,945] {/home/alta13/Documents/E-Commerce/TEESIGNR/blueprints/__init__.py:54} INFO - REQUEST_LOG	{"status_code": 200, "method": "POST", "code": "200 OK", "uri": "/auth/login?", "request": {"email": "daffa@alterra.id", "password": "rahasia"}, "response": {"token": "eyJ0eXAiOiJKV1QiLCJhbGciOiJIUzI1NiJ9.eyJpYXQiOjE1NzkyNjY3NTUsIm5iZiI6MTU3OTI2Njc1NSwianRpIjoiZmY1MzlmNGEtMzVjMS00OWVhLTk3ZGYtYjcwNWY1NWRiNmFkIiwiZXhwIjoxNTc5MzUzMTU1LCJpZGVudGl0eSI6IlRoZVBvcG8iLCJmcmVzaCI6ZmFsc2UsInR5cGUiOiJhY2Nlc3MiLCJ1c2VyX2NsYWltcyI6eyJpZCI6MiwiZnVsbF9uYW1lIjoiTW9oYW1tYWQgRGFmZmEiLCJlbWFpbCI6ImRhZmZhQGFsdGVycmEuaWQiLCJ1c2VybmFtZSI6IlRoZVBvcG8iLCJkZXNpZ25lcl9zdGF0dXMiOnRydWV9fQ.KcDNo1aw1aDclRyxzOKPP0dEgCodhj1HtG1Bkrs72_U"}}
[2020-01-17 20:12:37,730] {/home/alta13/Documents/E-Commerce/TEESIGNR/blueprints/__init__.py:54} INFO - REQUEST_LOG	{"status_code": 200, "method": "OPTIONS", "code": "200 OK", "uri": "/user?", "request": null, "response": {}}
[2020-01-17 20:12:37,742] {/home/alta13/Documents/E-Commerce/TEESIGNR/blueprints/__init__.py:54} INFO - REQUEST_LOG	{"status_code": 200, "method": "OPTIONS", "code": "200 OK", "uri": "/user?", "request": null, "response": {}}
[2020-01-17 20:12:37,757] {/home/alta13/Documents/E-Commerce/TEESIGNR/blueprints/__init__.py:54} INFO - REQUEST_LOG	{"status_code": 200, "method": "GET", "code": "200 OK", "uri": "/baju?orderby=terjual&sort=desc", "request": null, "response": [{"id": 23, "toko_id": 3, "nama": "T-Shirt Slark Shark Dota 2 Limited Edition - Hitam", "harga": "Rp. 115500", "deskripsi": "Bahan Combed 30s, Warna Hitam", "bahan": "Combed 30s", "gambar": "https://ecs7.tokopedia.net/img/cache/200-square/product-1/2019/11/26/20491113/20491113_2b0f0081-d27f-4a29-ba77-2100e2d97db4_1080_1080", "terjual": 7}, {"id": 32, "toko_id": 1, "nama": "Jojo Bizzare Adventure Aesthetic T-Shirt", "harga": "Rp. 203000", "deskripsi": "High Quality Aesthetic T-Shirt with Supima", "bahan": "Supima 30s", "gambar": "https://bunny.teeshirt21.com/2017/11/11/47846-1510376422277-Gildan-Men-White-_w91_-front.jpg", "terjual": 4}, {"id": 8, "toko_id": 1, "nama": "Mix Tape 80s Japanese Otaku Aesthetic Vaporwave Art T-Shirt", "harga": "Rp. 190000", "deskripsi": "High Quality Vaporwave T-Shirt with Supima 30s", "bahan": "Supima 30s", "gambar": "https://m.media-amazon.com/images/I/A13usaonutL._AC_CLa%7C2140%2C2000%7C91K%2BDk3ZH3L.png%7C0%2C0%2C2140%2C2000%2B0.0%2C0.0%2C2140.0%2C2000.0._SX385._SX._UX._SY._UY_.png", "terjual": 2}, {"id": 26, "toko_id": 1, "nama": "Vaporwave Shirt Arizona Iced Tea (Aesthetic) T Shirt By SenorFiredude Design By Suparno", "harga": "Rp. 203000", "deskripsi": "High Quality Aesthetic T-Shirt with Supima", "bahan": "Supima 30s", "gambar": "https://cdn.designbyhumans.com/product_images/p/1092812.65.53f7cS7ayBAA-650x650-b-p-eee.jpg", "terjual": 1}, {"id": 24, "toko_id": 3, "nama": "T-Shirt Bear Ursa Dota 2 Limited Edition - Black", "harga": "Rp. 115500", "deskripsi": "Bahan Combed 30s, Warna Hitam", "bahan": "Combed 30s", "gambar": "https://instagram.fymy1-2.fna.fbcdn.net/v/t51.2885-15/sh0.08/e35/s640x640/74878648_2439418212978071_7649002051171723986_n.jpg?_nc_ht=instagram.fymy1-2.fna.fbcdn.net&_nc_cat=111&oh=2b87308070f6b313ba4e7219340b3d1d&oe=5E78217E", "terjual": 1}, {"id": 16, "toko_id": 2, "nama": "KAOS LENGAN PENDEK THE POPO -THE BEATLES BLACK-", "harga": "Rp. 108500", "deskripsi": "Bahan Combed 30s, Warna Hitam", "bahan": "Combed 30s", "gambar": "https://cf.shopee.co.id/file/71a6b24e95b35a915bb3cdcfe3cfc309_tn", "terjual": 1}, {"id": 13, "toko_id": 2, "nama": "KAOS LENGAN PENDEK THE POPO -DOA BLACK- UNISEX", "harga": "Rp. 108500", "deskripsi": "Bahan Combed 30s, Warna Hitam", "bahan": "Combed 30s", "gambar": "https://cf.shopee.co.id/file/afc4106fd736762c031de88529556af4_tn", "terjual": 1}, {"id": 11, "toko_id": 2, "nama": "KAOS LENGAN PENDEK THE POPO -PINK FLOYD-", "harga": "Rp. 108500", "deskripsi": "Bahan Combed 30s, warna Hitam", "bahan": "Combed 30s", "gambar": "https://cf.shopee.co.id/file/df68a3648d0ec395102b80cd947e7261_tn", "terjual": 1}, {"id": 10, "toko_id": 1, "nama": "Vaporwave Medusa Statue Aesthetic Retro Japanese Otaku Art T-Shirt", "harga": "Rp. 190000", "deskripsi": "High Quality Vaporwave T-Shirt with Supima 30s", "bahan": "Supima 30s", "gambar": "https://m.media-amazon.com/images/I/A1vJUKBjc2L._AC_CLa%7C2140%2C2000%7C919V0wbfhhL.png%7C0%2C0%2C2140%2C2000%2B0.0%2C0.0%2C2140.0%2C2000.0._SX385._SX._UX._SY._UY_.png", "terjual": 1}, {"id": 9, "toko_id": 1, "nama": "90s Japanese Otaku Stylish Aesthetic Milk T-Shirt", "harga": "Rp. 190000", "deskripsi": "High Quality Vaporwave T-Shirt with Supima 30s", "bahan": "Supima 30s", "gambar": "https://m.media-amazon.com/images/I/A13usaonutL._AC_CLa%7C2140%2C2000%7C916HePwBCIL.png%7C0%2C0%2C2140%2C2000%2B0.0%2C0.0%2C2140.0%2C2000.0._SX385._SX._UX._SY._UY_.png", "terjual": 1}, {"id": 5, "toko_id": 1, "nama": "Vaporwave Aesthetic T-Shirt Greek Head Japanese", "harga": "Rp. 190000", "deskripsi": "High Quality Vaporwave T-Shirt with Supima 30s", "bahan": "Supima 30s", "gambar": "https://m.media-amazon.com/images/I/B1qmQK-r4OS._AC_CLa%7C2140%2C2000%7C919A1PIwt1L.png%7C0%2C0%2C2140%2C2000%2B0.0%2C0.0%2C2140.0%2C2000.0._SX385._SX._UX._SY._UY_.png", "terjual": 1}, {"id": 3, "toko_id": 1, "nama": "Vaporwave Aesthetic T-Shirt Old Monitor Kawaii", "harga": "Rp. 190000", "deskripsi": "High Quality Vaporwave T-Shirt with Supima 30s", "bahan": "Supima 30s", "gambar": "https://d111vui60acwyt.cloudfront.net/product_photos/65599569/file_1675a60f66_original.jpg", "terjual": 1}]}
[2020-01-17 20:12:37,790] {/home/alta13/Documents/E-Commerce/TEESIGNR/blueprints/__init__.py:54} INFO - REQUEST_LOG	{"status_code": 200, "method": "GET", "code": "200 OK", "uri": "/user?", "request": null, "response": {"info_user": {"id": 2, "full_name": "Mohammad Daffa", "email": "daffa@alterra.id", "username": "ThePopo", "designer_status": true}, "info_toko": {"id": 2, "user_id": 2, "nama": "Micro Capitalism", "deskripsi": "Kumpulan T-Shirt karya The Popo", "pemilik": "ThePopo", "popularitas": 15, "keuntungan": "Rp. 15000"}, "riwayat_transaksi": [{"id": 1, "barang_id": 1, "nama_barang": "Vaporwave T-Shirt Harajuku Head", "harga_barang": "Rp. 190000", "user_id": 2, "jumlah": 1, "ukuran": "XL", "id_pemesanan": 1, "total_harga": "Rp. 190000", "total_harga_int": 190000, "waktu_pemesanan": "Wed, 15 Jan 2020 20:35:05 -0000"}, {"id": 2, "barang_id": 10, "nama_barang": "Vaporwave Medusa Statue Aesthetic Retro Japanese Otaku Art T-Shirt", "harga_barang": "Rp. 190000", "user_id": 2, "jumlah": 1, "ukuran": "XL", "id_pemesanan": 2, "total_harga": "Rp. 190000", "total_harga_int": 190000, "waktu_pemesanan": "Wed, 15 Jan 2020 20:35:05 -0000"}, {"id": 3, "barang_id": 9, "nama_barang": "90s Japanese Otaku Stylish Aesthetic Milk T-Shirt", "harga_barang": "Rp. 190000", "user_id": 2, "jumlah": 1, "ukuran": "XL", "id_pemesanan": 3, "total_harga": "Rp. 190000", "total_harga_int": 190000, "waktu_pemesanan": "Wed, 15 Jan 2020 20:35:05 -0000"}, {"id": 4, "barang_id": 8, "nama_barang": "Mix Tape 80s Japanese Otaku Aesthetic Vaporwave Art T-Shirt", "harga_barang": "Rp. 190000", "user_id": 2, "jumlah": 1, "ukuran": "XL", "id_pemesanan": 3, "total_harga": "Rp. 190000", "total_harga_int": 190000, "waktu_pemesanan": "Wed, 15 Jan 2020 20:35:05 -0000"}, {"id": 5, "barang_id": 5, "nama_barang": "Vaporwave Aesthetic T-Shirt Greek Head Japanese", "harga_barang": "Rp. 190000", "user_id": 2, "jumlah": 1, "ukuran": "XL", "id_pemesanan": 4, "total_harga": "Rp. 190000", "total_harga_int": 190000, "waktu_pemesanan": "Wed, 15 Jan 2020 20:35:05 -0000"}, {"id": 6, "barang_id": 13, "nama_barang": "KAOS LENGAN PENDEK THE POPO -DOA BLACK- UNISEX", "harga_barang": "Rp. 108500", "user_id": 2, "jumlah": 1, "ukuran": "XL", "id_pemesanan": 5, "total_harga": "Rp. 108500", "total_harga_int": 108500, "waktu_pemesanan": "Wed, 15 Jan 2020 20:35:05 -0000"}, {"id": 14, "barang_id": 32, "nama_barang": "Jojo Bizzare Adventure Aesthetic T-Shirt", "harga_barang": "Rp. 203000", "user_id": 2, "jumlah": 3, "ukuran": "XL", "id_pemesanan": 13, "total_harga": "Rp. 609000", "total_harga_int": 609000, "waktu_pemesanan": "Fri, 17 Jan 2020 14:19:15 -0000"}]}}
[2020-01-17 20:12:37,796] {/home/alta13/Documents/E-Commerce/TEESIGNR/blueprints/__init__.py:54} INFO - REQUEST_LOG	{"status_code": 200, "method": "GET", "code": "200 OK", "uri": "/toko?orderby=popularitas&sort=desc", "request": null, "response": [{"id": 1, "user_id": 1, "nama": "Vaporwave Aesthetic", "deskripsi": "High Quality Vaporwave Aesthetic T-Shirt", "pemilik": "Aesthetic Guy", "popularitas": 50, "barang_populer": {"id": 32, "toko_id": 1, "nama": "Jojo Bizzare Adventure Aesthetic T-Shirt", "harga": "Rp. 203000", "deskripsi": "High Quality Aesthetic T-Shirt with Supima", "bahan": "Supima 30s", "gambar": "https://bunny.teeshirt21.com/2017/11/11/47846-1510376422277-Gildan-Men-White-_w91_-front.jpg", "terjual": 4}}, {"id": 2, "user_id": 2, "nama": "Micro Capitalism", "deskripsi": "Kumpulan T-Shirt karya The Popo", "pemilik": "ThePopo", "popularitas": 15, "barang_populer": {"id": 11, "toko_id": 2, "nama": "KAOS LENGAN PENDEK THE POPO -PINK FLOYD-", "harga": "Rp. 108500", "deskripsi": "Bahan Combed 30s, warna Hitam", "bahan": "Combed 30s", "gambar": "https://cf.shopee.co.id/file/df68a3648d0ec395102b80cd947e7261_tn", "terjual": 1}}, {"id": 3, "user_id": 3, "nama": "Ganvas by Rizpol", "deskripsi": "T-Shirt Preloved Rizpol, Mostly Dota Related", "pemilik": "Rizpol", "popularitas": 15, "barang_populer": {"id": 23, "toko_id": 3, "nama": "T-Shirt Slark Shark Dota 2 Limited Edition - Hitam", "harga": "Rp. 115500", "deskripsi": "Bahan Combed 30s, Warna Hitam", "bahan": "Combed 30s", "gambar": "https://ecs7.tokopedia.net/img/cache/200-square/product-1/2019/11/26/20491113/20491113_2b0f0081-d27f-4a29-ba77-2100e2d97db4_1080_1080", "terjual": 7}}]}
[2020-01-17 20:12:37,824] {/home/alta13/Documents/E-Commerce/TEESIGNR/blueprints/__init__.py:54} INFO - REQUEST_LOG	{"status_code": 200, "method": "GET", "code": "200 OK", "uri": "/user?", "request": null, "response": {"info_user": {"id": 2, "full_name": "Mohammad Daffa", "email": "daffa@alterra.id", "username": "ThePopo", "designer_status": true}, "info_toko": {"id": 2, "user_id": 2, "nama": "Micro Capitalism", "deskripsi": "Kumpulan T-Shirt karya The Popo", "pemilik": "ThePopo", "popularitas": 15, "keuntungan": "Rp. 15000"}, "riwayat_transaksi": [{"id": 1, "barang_id": 1, "nama_barang": "Vaporwave T-Shirt Harajuku Head", "harga_barang": "Rp. 190000", "user_id": 2, "jumlah": 1, "ukuran": "XL", "id_pemesanan": 1, "total_harga": "Rp. 190000", "total_harga_int": 190000, "waktu_pemesanan": "Wed, 15 Jan 2020 20:35:05 -0000"}, {"id": 2, "barang_id": 10, "nama_barang": "Vaporwave Medusa Statue Aesthetic Retro Japanese Otaku Art T-Shirt", "harga_barang": "Rp. 190000", "user_id": 2, "jumlah": 1, "ukuran": "XL", "id_pemesanan": 2, "total_harga": "Rp. 190000", "total_harga_int": 190000, "waktu_pemesanan": "Wed, 15 Jan 2020 20:35:05 -0000"}, {"id": 3, "barang_id": 9, "nama_barang": "90s Japanese Otaku Stylish Aesthetic Milk T-Shirt", "harga_barang": "Rp. 190000", "user_id": 2, "jumlah": 1, "ukuran": "XL", "id_pemesanan": 3, "total_harga": "Rp. 190000", "total_harga_int": 190000, "waktu_pemesanan": "Wed, 15 Jan 2020 20:35:05 -0000"}, {"id": 4, "barang_id": 8, "nama_barang": "Mix Tape 80s Japanese Otaku Aesthetic Vaporwave Art T-Shirt", "harga_barang": "Rp. 190000", "user_id": 2, "jumlah": 1, "ukuran": "XL", "id_pemesanan": 3, "total_harga": "Rp. 190000", "total_harga_int": 190000, "waktu_pemesanan": "Wed, 15 Jan 2020 20:35:05 -0000"}, {"id": 5, "barang_id": 5, "nama_barang": "Vaporwave Aesthetic T-Shirt Greek Head Japanese", "harga_barang": "Rp. 190000", "user_id": 2, "jumlah": 1, "ukuran": "XL", "id_pemesanan": 4, "total_harga": "Rp. 190000", "total_harga_int": 190000, "waktu_pemesanan": "Wed, 15 Jan 2020 20:35:05 -0000"}, {"id": 6, "barang_id": 13, "nama_barang": "KAOS LENGAN PENDEK THE POPO -DOA BLACK- UNISEX", "harga_barang": "Rp. 108500", "user_id": 2, "jumlah": 1, "ukuran": "XL", "id_pemesanan": 5, "total_harga": "Rp. 108500", "total_harga_int": 108500, "waktu_pemesanan": "Wed, 15 Jan 2020 20:35:05 -0000"}, {"id": 14, "barang_id": 32, "nama_barang": "Jojo Bizzare Adventure Aesthetic T-Shirt", "harga_barang": "Rp. 203000", "user_id": 2, "jumlah": 3, "ukuran": "XL", "id_pemesanan": 13, "total_harga": "Rp. 609000", "total_harga_int": 609000, "waktu_pemesanan": "Fri, 17 Jan 2020 14:19:15 -0000"}]}}
[2020-01-17 20:24:47,234] {/home/alta13/Documents/E-Commerce/TEESIGNR/blueprints/__init__.py:54} INFO - REQUEST_LOG	{"status_code": 200, "method": "OPTIONS", "code": "200 OK", "uri": "/user?", "request": null, "response": {}}
[2020-01-17 20:24:47,256] {/home/alta13/Documents/E-Commerce/TEESIGNR/blueprints/__init__.py:54} INFO - REQUEST_LOG	{"status_code": 200, "method": "GET", "code": "200 OK", "uri": "/baju?orderby=terjual&sort=desc", "request": null, "response": [{"id": 23, "toko_id": 3, "nama": "T-Shirt Slark Shark Dota 2 Limited Edition - Hitam", "harga": "Rp. 115500", "deskripsi": "Bahan Combed 30s, Warna Hitam", "bahan": "Combed 30s", "gambar": "https://ecs7.tokopedia.net/img/cache/200-square/product-1/2019/11/26/20491113/20491113_2b0f0081-d27f-4a29-ba77-2100e2d97db4_1080_1080", "terjual": 7}, {"id": 32, "toko_id": 1, "nama": "Jojo Bizzare Adventure Aesthetic T-Shirt", "harga": "Rp. 203000", "deskripsi": "High Quality Aesthetic T-Shirt with Supima", "bahan": "Supima 30s", "gambar": "https://bunny.teeshirt21.com/2017/11/11/47846-1510376422277-Gildan-Men-White-_w91_-front.jpg", "terjual": 4}, {"id": 8, "toko_id": 1, "nama": "Mix Tape 80s Japanese Otaku Aesthetic Vaporwave Art T-Shirt", "harga": "Rp. 190000", "deskripsi": "High Quality Vaporwave T-Shirt with Supima 30s", "bahan": "Supima 30s", "gambar": "https://m.media-amazon.com/images/I/A13usaonutL._AC_CLa%7C2140%2C2000%7C91K%2BDk3ZH3L.png%7C0%2C0%2C2140%2C2000%2B0.0%2C0.0%2C2140.0%2C2000.0._SX385._SX._UX._SY._UY_.png", "terjual": 2}, {"id": 26, "toko_id": 1, "nama": "Vaporwave Shirt Arizona Iced Tea (Aesthetic) T Shirt By SenorFiredude Design By Suparno", "harga": "Rp. 203000", "deskripsi": "High Quality Aesthetic T-Shirt with Supima", "bahan": "Supima 30s", "gambar": "https://cdn.designbyhumans.com/product_images/p/1092812.65.53f7cS7ayBAA-650x650-b-p-eee.jpg", "terjual": 1}, {"id": 24, "toko_id": 3, "nama": "T-Shirt Bear Ursa Dota 2 Limited Edition - Black", "harga": "Rp. 115500", "deskripsi": "Bahan Combed 30s, Warna Hitam", "bahan": "Combed 30s", "gambar": "https://instagram.fymy1-2.fna.fbcdn.net/v/t51.2885-15/sh0.08/e35/s640x640/74878648_2439418212978071_7649002051171723986_n.jpg?_nc_ht=instagram.fymy1-2.fna.fbcdn.net&_nc_cat=111&oh=2b87308070f6b313ba4e7219340b3d1d&oe=5E78217E", "terjual": 1}, {"id": 16, "toko_id": 2, "nama": "KAOS LENGAN PENDEK THE POPO -THE BEATLES BLACK-", "harga": "Rp. 108500", "deskripsi": "Bahan Combed 30s, Warna Hitam", "bahan": "Combed 30s", "gambar": "https://cf.shopee.co.id/file/71a6b24e95b35a915bb3cdcfe3cfc309_tn", "terjual": 1}, {"id": 13, "toko_id": 2, "nama": "KAOS LENGAN PENDEK THE POPO -DOA BLACK- UNISEX", "harga": "Rp. 108500", "deskripsi": "Bahan Combed 30s, Warna Hitam", "bahan": "Combed 30s", "gambar": "https://cf.shopee.co.id/file/afc4106fd736762c031de88529556af4_tn", "terjual": 1}, {"id": 11, "toko_id": 2, "nama": "KAOS LENGAN PENDEK THE POPO -PINK FLOYD-", "harga": "Rp. 108500", "deskripsi": "Bahan Combed 30s, warna Hitam", "bahan": "Combed 30s", "gambar": "https://cf.shopee.co.id/file/df68a3648d0ec395102b80cd947e7261_tn", "terjual": 1}, {"id": 10, "toko_id": 1, "nama": "Vaporwave Medusa Statue Aesthetic Retro Japanese Otaku Art T-Shirt", "harga": "Rp. 190000", "deskripsi": "High Quality Vaporwave T-Shirt with Supima 30s", "bahan": "Supima 30s", "gambar": "https://m.media-amazon.com/images/I/A1vJUKBjc2L._AC_CLa%7C2140%2C2000%7C919V0wbfhhL.png%7C0%2C0%2C2140%2C2000%2B0.0%2C0.0%2C2140.0%2C2000.0._SX385._SX._UX._SY._UY_.png", "terjual": 1}, {"id": 9, "toko_id": 1, "nama": "90s Japanese Otaku Stylish Aesthetic Milk T-Shirt", "harga": "Rp. 190000", "deskripsi": "High Quality Vaporwave T-Shirt with Supima 30s", "bahan": "Supima 30s", "gambar": "https://m.media-amazon.com/images/I/A13usaonutL._AC_CLa%7C2140%2C2000%7C916HePwBCIL.png%7C0%2C0%2C2140%2C2000%2B0.0%2C0.0%2C2140.0%2C2000.0._SX385._SX._UX._SY._UY_.png", "terjual": 1}, {"id": 5, "toko_id": 1, "nama": "Vaporwave Aesthetic T-Shirt Greek Head Japanese", "harga": "Rp. 190000", "deskripsi": "High Quality Vaporwave T-Shirt with Supima 30s", "bahan": "Supima 30s", "gambar": "https://m.media-amazon.com/images/I/B1qmQK-r4OS._AC_CLa%7C2140%2C2000%7C919A1PIwt1L.png%7C0%2C0%2C2140%2C2000%2B0.0%2C0.0%2C2140.0%2C2000.0._SX385._SX._UX._SY._UY_.png", "terjual": 1}, {"id": 3, "toko_id": 1, "nama": "Vaporwave Aesthetic T-Shirt Old Monitor Kawaii", "harga": "Rp. 190000", "deskripsi": "High Quality Vaporwave T-Shirt with Supima 30s", "bahan": "Supima 30s", "gambar": "https://d111vui60acwyt.cloudfront.net/product_photos/65599569/file_1675a60f66_original.jpg", "terjual": 1}]}
[2020-01-17 20:24:47,274] {/home/alta13/Documents/E-Commerce/TEESIGNR/blueprints/__init__.py:54} INFO - REQUEST_LOG	{"status_code": 200, "method": "GET", "code": "200 OK", "uri": "/toko?orderby=popularitas&sort=desc", "request": null, "response": [{"id": 1, "user_id": 1, "nama": "Vaporwave Aesthetic", "deskripsi": "High Quality Vaporwave Aesthetic T-Shirt", "pemilik": "Aesthetic Guy", "popularitas": 50, "barang_populer": {"id": 32, "toko_id": 1, "nama": "Jojo Bizzare Adventure Aesthetic T-Shirt", "harga": "Rp. 203000", "deskripsi": "High Quality Aesthetic T-Shirt with Supima", "bahan": "Supima 30s", "gambar": "https://bunny.teeshirt21.com/2017/11/11/47846-1510376422277-Gildan-Men-White-_w91_-front.jpg", "terjual": 4}}, {"id": 2, "user_id": 2, "nama": "Micro Capitalism", "deskripsi": "Kumpulan T-Shirt karya The Popo", "pemilik": "ThePopo", "popularitas": 15, "barang_populer": {"id": 11, "toko_id": 2, "nama": "KAOS LENGAN PENDEK THE POPO -PINK FLOYD-", "harga": "Rp. 108500", "deskripsi": "Bahan Combed 30s, warna Hitam", "bahan": "Combed 30s", "gambar": "https://cf.shopee.co.id/file/df68a3648d0ec395102b80cd947e7261_tn", "terjual": 1}}, {"id": 3, "user_id": 3, "nama": "Ganvas by Rizpol", "deskripsi": "T-Shirt Preloved Rizpol, Mostly Dota Related", "pemilik": "Rizpol", "popularitas": 15, "barang_populer": {"id": 23, "toko_id": 3, "nama": "T-Shirt Slark Shark Dota 2 Limited Edition - Hitam", "harga": "Rp. 115500", "deskripsi": "Bahan Combed 30s, Warna Hitam", "bahan": "Combed 30s", "gambar": "https://ecs7.tokopedia.net/img/cache/200-square/product-1/2019/11/26/20491113/20491113_2b0f0081-d27f-4a29-ba77-2100e2d97db4_1080_1080", "terjual": 7}}]}
[2020-01-17 20:24:47,382] {/home/alta13/Documents/E-Commerce/portofolio_env/lib/python3.6/site-packages/flask/app.py:1891} ERROR - Exception on /user [GET]
Traceback (most recent call last):
  File "/home/alta13/Documents/E-Commerce/portofolio_env/lib/python3.6/site-packages/jwt/api_jws.py", line 180, in _load
    signing_input, crypto_segment = jwt.rsplit(b'.', 1)
ValueError: not enough values to unpack (expected 2, got 1)

During handling of the above exception, another exception occurred:

Traceback (most recent call last):
  File "/home/alta13/Documents/E-Commerce/portofolio_env/lib/python3.6/site-packages/flask/app.py", line 1949, in full_dispatch_request
    rv = self.dispatch_request()
  File "/home/alta13/Documents/E-Commerce/portofolio_env/lib/python3.6/site-packages/flask/app.py", line 1935, in dispatch_request
    return self.view_functions[rule.endpoint](**req.view_args)
  File "/home/alta13/Documents/E-Commerce/portofolio_env/lib/python3.6/site-packages/flask_restful/__init__.py", line 458, in wrapper
    resp = resource(*args, **kwargs)
  File "/home/alta13/Documents/E-Commerce/portofolio_env/lib/python3.6/site-packages/flask/views.py", line 89, in view
    return self.dispatch_request(*args, **kwargs)
  File "/home/alta13/Documents/E-Commerce/portofolio_env/lib/python3.6/site-packages/flask_restful/__init__.py", line 573, in dispatch_request
    resp = meth(*args, **kwargs)
  File "/home/alta13/Documents/E-Commerce/portofolio_env/lib/python3.6/site-packages/flask_jwt_extended/view_decorators.py", line 107, in wrapper
    verify_jwt_in_request()
  File "/home/alta13/Documents/E-Commerce/portofolio_env/lib/python3.6/site-packages/flask_jwt_extended/view_decorators.py", line 32, in verify_jwt_in_request
    jwt_data, jwt_header = _decode_jwt_from_request(request_type='access')
  File "/home/alta13/Documents/E-Commerce/portofolio_env/lib/python3.6/site-packages/flask_jwt_extended/view_decorators.py", line 294, in _decode_jwt_from_request
    decoded_token = decode_token(encoded_token, csrf_token)
  File "/home/alta13/Documents/E-Commerce/portofolio_env/lib/python3.6/site-packages/flask_jwt_extended/utils.py", line 91, in decode_token
    encoded_token, verify=False, algorithms=config.decode_algorithms
  File "/home/alta13/Documents/E-Commerce/portofolio_env/lib/python3.6/site-packages/jwt/api_jwt.py", line 84, in decode
    payload, _, _, _ = self._load(jwt)
  File "/home/alta13/Documents/E-Commerce/portofolio_env/lib/python3.6/site-packages/jwt/api_jws.py", line 183, in _load
    raise DecodeError('Not enough segments')
jwt.exceptions.DecodeError: Not enough segments
[2020-01-17 20:24:47,383] {/home/alta13/Documents/E-Commerce/TEESIGNR/blueprints/__init__.py:63} WARNING - REQUEST_LOG	{"status_code": 500, "method": "GET", "code": "500 INTERNAL SERVER ERROR", "uri": "/user?", "request": null, "response": {"message": "Internal Server Error"}}
[2020-01-17 20:24:58,341] {/home/alta13/Documents/E-Commerce/TEESIGNR/blueprints/__init__.py:54} INFO - REQUEST_LOG	{"status_code": 200, "method": "OPTIONS", "code": "200 OK", "uri": "/user?", "request": null, "response": {}}
[2020-01-17 20:24:58,443] {/home/alta13/Documents/E-Commerce/portofolio_env/lib/python3.6/site-packages/flask/app.py:1891} ERROR - Exception on /user [GET]
Traceback (most recent call last):
  File "/home/alta13/Documents/E-Commerce/portofolio_env/lib/python3.6/site-packages/jwt/api_jws.py", line 180, in _load
    signing_input, crypto_segment = jwt.rsplit(b'.', 1)
ValueError: not enough values to unpack (expected 2, got 1)

During handling of the above exception, another exception occurred:

Traceback (most recent call last):
  File "/home/alta13/Documents/E-Commerce/portofolio_env/lib/python3.6/site-packages/flask/app.py", line 1949, in full_dispatch_request
    rv = self.dispatch_request()
  File "/home/alta13/Documents/E-Commerce/portofolio_env/lib/python3.6/site-packages/flask/app.py", line 1935, in dispatch_request
    return self.view_functions[rule.endpoint](**req.view_args)
  File "/home/alta13/Documents/E-Commerce/portofolio_env/lib/python3.6/site-packages/flask_restful/__init__.py", line 458, in wrapper
    resp = resource(*args, **kwargs)
  File "/home/alta13/Documents/E-Commerce/portofolio_env/lib/python3.6/site-packages/flask/views.py", line 89, in view
    return self.dispatch_request(*args, **kwargs)
  File "/home/alta13/Documents/E-Commerce/portofolio_env/lib/python3.6/site-packages/flask_restful/__init__.py", line 573, in dispatch_request
    resp = meth(*args, **kwargs)
  File "/home/alta13/Documents/E-Commerce/portofolio_env/lib/python3.6/site-packages/flask_jwt_extended/view_decorators.py", line 107, in wrapper
    verify_jwt_in_request()
  File "/home/alta13/Documents/E-Commerce/portofolio_env/lib/python3.6/site-packages/flask_jwt_extended/view_decorators.py", line 32, in verify_jwt_in_request
    jwt_data, jwt_header = _decode_jwt_from_request(request_type='access')
  File "/home/alta13/Documents/E-Commerce/portofolio_env/lib/python3.6/site-packages/flask_jwt_extended/view_decorators.py", line 294, in _decode_jwt_from_request
    decoded_token = decode_token(encoded_token, csrf_token)
  File "/home/alta13/Documents/E-Commerce/portofolio_env/lib/python3.6/site-packages/flask_jwt_extended/utils.py", line 91, in decode_token
    encoded_token, verify=False, algorithms=config.decode_algorithms
  File "/home/alta13/Documents/E-Commerce/portofolio_env/lib/python3.6/site-packages/jwt/api_jwt.py", line 84, in decode
    payload, _, _, _ = self._load(jwt)
  File "/home/alta13/Documents/E-Commerce/portofolio_env/lib/python3.6/site-packages/jwt/api_jws.py", line 183, in _load
    raise DecodeError('Not enough segments')
jwt.exceptions.DecodeError: Not enough segments
[2020-01-17 20:24:58,444] {/home/alta13/Documents/E-Commerce/TEESIGNR/blueprints/__init__.py:63} WARNING - REQUEST_LOG	{"status_code": 500, "method": "GET", "code": "500 INTERNAL SERVER ERROR", "uri": "/user?", "request": null, "response": {"message": "Internal Server Error"}}
[2020-01-17 20:25:21,972] {/home/alta13/Documents/E-Commerce/TEESIGNR/blueprints/__init__.py:54} INFO - REQUEST_LOG	{"status_code": 200, "method": "OPTIONS", "code": "200 OK", "uri": "/user?", "request": null, "response": {}}
[2020-01-17 20:25:22,012] {/home/alta13/Documents/E-Commerce/portofolio_env/lib/python3.6/site-packages/flask/app.py:1891} ERROR - Exception on /user [GET]
Traceback (most recent call last):
  File "/home/alta13/Documents/E-Commerce/portofolio_env/lib/python3.6/site-packages/jwt/api_jws.py", line 180, in _load
    signing_input, crypto_segment = jwt.rsplit(b'.', 1)
ValueError: not enough values to unpack (expected 2, got 1)

During handling of the above exception, another exception occurred:

Traceback (most recent call last):
  File "/home/alta13/Documents/E-Commerce/portofolio_env/lib/python3.6/site-packages/flask/app.py", line 1949, in full_dispatch_request
    rv = self.dispatch_request()
  File "/home/alta13/Documents/E-Commerce/portofolio_env/lib/python3.6/site-packages/flask/app.py", line 1935, in dispatch_request
    return self.view_functions[rule.endpoint](**req.view_args)
  File "/home/alta13/Documents/E-Commerce/portofolio_env/lib/python3.6/site-packages/flask_restful/__init__.py", line 458, in wrapper
    resp = resource(*args, **kwargs)
  File "/home/alta13/Documents/E-Commerce/portofolio_env/lib/python3.6/site-packages/flask/views.py", line 89, in view
    return self.dispatch_request(*args, **kwargs)
  File "/home/alta13/Documents/E-Commerce/portofolio_env/lib/python3.6/site-packages/flask_restful/__init__.py", line 573, in dispatch_request
    resp = meth(*args, **kwargs)
  File "/home/alta13/Documents/E-Commerce/portofolio_env/lib/python3.6/site-packages/flask_jwt_extended/view_decorators.py", line 107, in wrapper
    verify_jwt_in_request()
  File "/home/alta13/Documents/E-Commerce/portofolio_env/lib/python3.6/site-packages/flask_jwt_extended/view_decorators.py", line 32, in verify_jwt_in_request
    jwt_data, jwt_header = _decode_jwt_from_request(request_type='access')
  File "/home/alta13/Documents/E-Commerce/portofolio_env/lib/python3.6/site-packages/flask_jwt_extended/view_decorators.py", line 294, in _decode_jwt_from_request
    decoded_token = decode_token(encoded_token, csrf_token)
  File "/home/alta13/Documents/E-Commerce/portofolio_env/lib/python3.6/site-packages/flask_jwt_extended/utils.py", line 91, in decode_token
    encoded_token, verify=False, algorithms=config.decode_algorithms
  File "/home/alta13/Documents/E-Commerce/portofolio_env/lib/python3.6/site-packages/jwt/api_jwt.py", line 84, in decode
    payload, _, _, _ = self._load(jwt)
  File "/home/alta13/Documents/E-Commerce/portofolio_env/lib/python3.6/site-packages/jwt/api_jws.py", line 183, in _load
    raise DecodeError('Not enough segments')
jwt.exceptions.DecodeError: Not enough segments
[2020-01-17 20:25:22,013] {/home/alta13/Documents/E-Commerce/TEESIGNR/blueprints/__init__.py:63} WARNING - REQUEST_LOG	{"status_code": 500, "method": "GET", "code": "500 INTERNAL SERVER ERROR", "uri": "/user?", "request": null, "response": {"message": "Internal Server Error"}}
[2020-01-17 20:25:28,675] {/home/alta13/Documents/E-Commerce/TEESIGNR/blueprints/__init__.py:54} INFO - REQUEST_LOG	{"status_code": 200, "method": "OPTIONS", "code": "200 OK", "uri": "/user?", "request": null, "response": {}}
[2020-01-17 20:25:28,696] {/home/alta13/Documents/E-Commerce/portofolio_env/lib/python3.6/site-packages/flask/app.py:1891} ERROR - Exception on /user [GET]
Traceback (most recent call last):
  File "/home/alta13/Documents/E-Commerce/portofolio_env/lib/python3.6/site-packages/jwt/api_jws.py", line 180, in _load
    signing_input, crypto_segment = jwt.rsplit(b'.', 1)
ValueError: not enough values to unpack (expected 2, got 1)

During handling of the above exception, another exception occurred:

Traceback (most recent call last):
  File "/home/alta13/Documents/E-Commerce/portofolio_env/lib/python3.6/site-packages/flask/app.py", line 1949, in full_dispatch_request
    rv = self.dispatch_request()
  File "/home/alta13/Documents/E-Commerce/portofolio_env/lib/python3.6/site-packages/flask/app.py", line 1935, in dispatch_request
    return self.view_functions[rule.endpoint](**req.view_args)
  File "/home/alta13/Documents/E-Commerce/portofolio_env/lib/python3.6/site-packages/flask_restful/__init__.py", line 458, in wrapper
    resp = resource(*args, **kwargs)
  File "/home/alta13/Documents/E-Commerce/portofolio_env/lib/python3.6/site-packages/flask/views.py", line 89, in view
    return self.dispatch_request(*args, **kwargs)
  File "/home/alta13/Documents/E-Commerce/portofolio_env/lib/python3.6/site-packages/flask_restful/__init__.py", line 573, in dispatch_request
    resp = meth(*args, **kwargs)
  File "/home/alta13/Documents/E-Commerce/portofolio_env/lib/python3.6/site-packages/flask_jwt_extended/view_decorators.py", line 107, in wrapper
    verify_jwt_in_request()
  File "/home/alta13/Documents/E-Commerce/portofolio_env/lib/python3.6/site-packages/flask_jwt_extended/view_decorators.py", line 32, in verify_jwt_in_request
    jwt_data, jwt_header = _decode_jwt_from_request(request_type='access')
  File "/home/alta13/Documents/E-Commerce/portofolio_env/lib/python3.6/site-packages/flask_jwt_extended/view_decorators.py", line 294, in _decode_jwt_from_request
    decoded_token = decode_token(encoded_token, csrf_token)
  File "/home/alta13/Documents/E-Commerce/portofolio_env/lib/python3.6/site-packages/flask_jwt_extended/utils.py", line 91, in decode_token
    encoded_token, verify=False, algorithms=config.decode_algorithms
  File "/home/alta13/Documents/E-Commerce/portofolio_env/lib/python3.6/site-packages/jwt/api_jwt.py", line 84, in decode
    payload, _, _, _ = self._load(jwt)
  File "/home/alta13/Documents/E-Commerce/portofolio_env/lib/python3.6/site-packages/jwt/api_jws.py", line 183, in _load
    raise DecodeError('Not enough segments')
jwt.exceptions.DecodeError: Not enough segments
[2020-01-17 20:25:28,697] {/home/alta13/Documents/E-Commerce/TEESIGNR/blueprints/__init__.py:63} WARNING - REQUEST_LOG	{"status_code": 500, "method": "GET", "code": "500 INTERNAL SERVER ERROR", "uri": "/user?", "request": null, "response": {"message": "Internal Server Error"}}
[2020-01-17 20:26:30,896] {/home/alta13/Documents/E-Commerce/TEESIGNR/blueprints/__init__.py:54} INFO - REQUEST_LOG	{"status_code": 200, "method": "OPTIONS", "code": "200 OK", "uri": "/user?", "request": null, "response": {}}
[2020-01-17 20:26:30,911] {/home/alta13/Documents/E-Commerce/TEESIGNR/blueprints/__init__.py:54} INFO - REQUEST_LOG	{"status_code": 200, "method": "GET", "code": "200 OK", "uri": "/baju?orderby=terjual&sort=desc", "request": null, "response": [{"id": 23, "toko_id": 3, "nama": "T-Shirt Slark Shark Dota 2 Limited Edition - Hitam", "harga": "Rp. 115500", "deskripsi": "Bahan Combed 30s, Warna Hitam", "bahan": "Combed 30s", "gambar": "https://ecs7.tokopedia.net/img/cache/200-square/product-1/2019/11/26/20491113/20491113_2b0f0081-d27f-4a29-ba77-2100e2d97db4_1080_1080", "terjual": 7}, {"id": 32, "toko_id": 1, "nama": "Jojo Bizzare Adventure Aesthetic T-Shirt", "harga": "Rp. 203000", "deskripsi": "High Quality Aesthetic T-Shirt with Supima", "bahan": "Supima 30s", "gambar": "https://bunny.teeshirt21.com/2017/11/11/47846-1510376422277-Gildan-Men-White-_w91_-front.jpg", "terjual": 4}, {"id": 8, "toko_id": 1, "nama": "Mix Tape 80s Japanese Otaku Aesthetic Vaporwave Art T-Shirt", "harga": "Rp. 190000", "deskripsi": "High Quality Vaporwave T-Shirt with Supima 30s", "bahan": "Supima 30s", "gambar": "https://m.media-amazon.com/images/I/A13usaonutL._AC_CLa%7C2140%2C2000%7C91K%2BDk3ZH3L.png%7C0%2C0%2C2140%2C2000%2B0.0%2C0.0%2C2140.0%2C2000.0._SX385._SX._UX._SY._UY_.png", "terjual": 2}, {"id": 26, "toko_id": 1, "nama": "Vaporwave Shirt Arizona Iced Tea (Aesthetic) T Shirt By SenorFiredude Design By Suparno", "harga": "Rp. 203000", "deskripsi": "High Quality Aesthetic T-Shirt with Supima", "bahan": "Supima 30s", "gambar": "https://cdn.designbyhumans.com/product_images/p/1092812.65.53f7cS7ayBAA-650x650-b-p-eee.jpg", "terjual": 1}, {"id": 24, "toko_id": 3, "nama": "T-Shirt Bear Ursa Dota 2 Limited Edition - Black", "harga": "Rp. 115500", "deskripsi": "Bahan Combed 30s, Warna Hitam", "bahan": "Combed 30s", "gambar": "https://instagram.fymy1-2.fna.fbcdn.net/v/t51.2885-15/sh0.08/e35/s640x640/74878648_2439418212978071_7649002051171723986_n.jpg?_nc_ht=instagram.fymy1-2.fna.fbcdn.net&_nc_cat=111&oh=2b87308070f6b313ba4e7219340b3d1d&oe=5E78217E", "terjual": 1}, {"id": 16, "toko_id": 2, "nama": "KAOS LENGAN PENDEK THE POPO -THE BEATLES BLACK-", "harga": "Rp. 108500", "deskripsi": "Bahan Combed 30s, Warna Hitam", "bahan": "Combed 30s", "gambar": "https://cf.shopee.co.id/file/71a6b24e95b35a915bb3cdcfe3cfc309_tn", "terjual": 1}, {"id": 13, "toko_id": 2, "nama": "KAOS LENGAN PENDEK THE POPO -DOA BLACK- UNISEX", "harga": "Rp. 108500", "deskripsi": "Bahan Combed 30s, Warna Hitam", "bahan": "Combed 30s", "gambar": "https://cf.shopee.co.id/file/afc4106fd736762c031de88529556af4_tn", "terjual": 1}, {"id": 11, "toko_id": 2, "nama": "KAOS LENGAN PENDEK THE POPO -PINK FLOYD-", "harga": "Rp. 108500", "deskripsi": "Bahan Combed 30s, warna Hitam", "bahan": "Combed 30s", "gambar": "https://cf.shopee.co.id/file/df68a3648d0ec395102b80cd947e7261_tn", "terjual": 1}, {"id": 10, "toko_id": 1, "nama": "Vaporwave Medusa Statue Aesthetic Retro Japanese Otaku Art T-Shirt", "harga": "Rp. 190000", "deskripsi": "High Quality Vaporwave T-Shirt with Supima 30s", "bahan": "Supima 30s", "gambar": "https://m.media-amazon.com/images/I/A1vJUKBjc2L._AC_CLa%7C2140%2C2000%7C919V0wbfhhL.png%7C0%2C0%2C2140%2C2000%2B0.0%2C0.0%2C2140.0%2C2000.0._SX385._SX._UX._SY._UY_.png", "terjual": 1}, {"id": 9, "toko_id": 1, "nama": "90s Japanese Otaku Stylish Aesthetic Milk T-Shirt", "harga": "Rp. 190000", "deskripsi": "High Quality Vaporwave T-Shirt with Supima 30s", "bahan": "Supima 30s", "gambar": "https://m.media-amazon.com/images/I/A13usaonutL._AC_CLa%7C2140%2C2000%7C916HePwBCIL.png%7C0%2C0%2C2140%2C2000%2B0.0%2C0.0%2C2140.0%2C2000.0._SX385._SX._UX._SY._UY_.png", "terjual": 1}, {"id": 5, "toko_id": 1, "nama": "Vaporwave Aesthetic T-Shirt Greek Head Japanese", "harga": "Rp. 190000", "deskripsi": "High Quality Vaporwave T-Shirt with Supima 30s", "bahan": "Supima 30s", "gambar": "https://m.media-amazon.com/images/I/B1qmQK-r4OS._AC_CLa%7C2140%2C2000%7C919A1PIwt1L.png%7C0%2C0%2C2140%2C2000%2B0.0%2C0.0%2C2140.0%2C2000.0._SX385._SX._UX._SY._UY_.png", "terjual": 1}, {"id": 3, "toko_id": 1, "nama": "Vaporwave Aesthetic T-Shirt Old Monitor Kawaii", "harga": "Rp. 190000", "deskripsi": "High Quality Vaporwave T-Shirt with Supima 30s", "bahan": "Supima 30s", "gambar": "https://d111vui60acwyt.cloudfront.net/product_photos/65599569/file_1675a60f66_original.jpg", "terjual": 1}]}
[2020-01-17 20:26:30,926] {/home/alta13/Documents/E-Commerce/portofolio_env/lib/python3.6/site-packages/flask/app.py:1891} ERROR - Exception on /user [GET]
Traceback (most recent call last):
  File "/home/alta13/Documents/E-Commerce/portofolio_env/lib/python3.6/site-packages/jwt/api_jws.py", line 180, in _load
    signing_input, crypto_segment = jwt.rsplit(b'.', 1)
ValueError: not enough values to unpack (expected 2, got 1)

During handling of the above exception, another exception occurred:

Traceback (most recent call last):
  File "/home/alta13/Documents/E-Commerce/portofolio_env/lib/python3.6/site-packages/flask/app.py", line 1949, in full_dispatch_request
    rv = self.dispatch_request()
  File "/home/alta13/Documents/E-Commerce/portofolio_env/lib/python3.6/site-packages/flask/app.py", line 1935, in dispatch_request
    return self.view_functions[rule.endpoint](**req.view_args)
  File "/home/alta13/Documents/E-Commerce/portofolio_env/lib/python3.6/site-packages/flask_restful/__init__.py", line 458, in wrapper
    resp = resource(*args, **kwargs)
  File "/home/alta13/Documents/E-Commerce/portofolio_env/lib/python3.6/site-packages/flask/views.py", line 89, in view
    return self.dispatch_request(*args, **kwargs)
  File "/home/alta13/Documents/E-Commerce/portofolio_env/lib/python3.6/site-packages/flask_restful/__init__.py", line 573, in dispatch_request
    resp = meth(*args, **kwargs)
  File "/home/alta13/Documents/E-Commerce/portofolio_env/lib/python3.6/site-packages/flask_jwt_extended/view_decorators.py", line 107, in wrapper
    verify_jwt_in_request()
  File "/home/alta13/Documents/E-Commerce/portofolio_env/lib/python3.6/site-packages/flask_jwt_extended/view_decorators.py", line 32, in verify_jwt_in_request
    jwt_data, jwt_header = _decode_jwt_from_request(request_type='access')
  File "/home/alta13/Documents/E-Commerce/portofolio_env/lib/python3.6/site-packages/flask_jwt_extended/view_decorators.py", line 294, in _decode_jwt_from_request
    decoded_token = decode_token(encoded_token, csrf_token)
  File "/home/alta13/Documents/E-Commerce/portofolio_env/lib/python3.6/site-packages/flask_jwt_extended/utils.py", line 91, in decode_token
    encoded_token, verify=False, algorithms=config.decode_algorithms
  File "/home/alta13/Documents/E-Commerce/portofolio_env/lib/python3.6/site-packages/jwt/api_jwt.py", line 84, in decode
    payload, _, _, _ = self._load(jwt)
  File "/home/alta13/Documents/E-Commerce/portofolio_env/lib/python3.6/site-packages/jwt/api_jws.py", line 183, in _load
    raise DecodeError('Not enough segments')
jwt.exceptions.DecodeError: Not enough segments
[2020-01-17 20:26:30,927] {/home/alta13/Documents/E-Commerce/TEESIGNR/blueprints/__init__.py:63} WARNING - REQUEST_LOG	{"status_code": 500, "method": "GET", "code": "500 INTERNAL SERVER ERROR", "uri": "/user?", "request": null, "response": {"message": "Internal Server Error"}}
[2020-01-17 20:26:30,930] {/home/alta13/Documents/E-Commerce/TEESIGNR/blueprints/__init__.py:54} INFO - REQUEST_LOG	{"status_code": 200, "method": "GET", "code": "200 OK", "uri": "/toko?orderby=popularitas&sort=desc", "request": null, "response": [{"id": 1, "user_id": 1, "nama": "Vaporwave Aesthetic", "deskripsi": "High Quality Vaporwave Aesthetic T-Shirt", "pemilik": "Aesthetic Guy", "popularitas": 50, "barang_populer": {"id": 32, "toko_id": 1, "nama": "Jojo Bizzare Adventure Aesthetic T-Shirt", "harga": "Rp. 203000", "deskripsi": "High Quality Aesthetic T-Shirt with Supima", "bahan": "Supima 30s", "gambar": "https://bunny.teeshirt21.com/2017/11/11/47846-1510376422277-Gildan-Men-White-_w91_-front.jpg", "terjual": 4}}, {"id": 2, "user_id": 2, "nama": "Micro Capitalism", "deskripsi": "Kumpulan T-Shirt karya The Popo", "pemilik": "ThePopo", "popularitas": 15, "barang_populer": {"id": 11, "toko_id": 2, "nama": "KAOS LENGAN PENDEK THE POPO -PINK FLOYD-", "harga": "Rp. 108500", "deskripsi": "Bahan Combed 30s, warna Hitam", "bahan": "Combed 30s", "gambar": "https://cf.shopee.co.id/file/df68a3648d0ec395102b80cd947e7261_tn", "terjual": 1}}, {"id": 3, "user_id": 3, "nama": "Ganvas by Rizpol", "deskripsi": "T-Shirt Preloved Rizpol, Mostly Dota Related", "pemilik": "Rizpol", "popularitas": 15, "barang_populer": {"id": 23, "toko_id": 3, "nama": "T-Shirt Slark Shark Dota 2 Limited Edition - Hitam", "harga": "Rp. 115500", "deskripsi": "Bahan Combed 30s, Warna Hitam", "bahan": "Combed 30s", "gambar": "https://ecs7.tokopedia.net/img/cache/200-square/product-1/2019/11/26/20491113/20491113_2b0f0081-d27f-4a29-ba77-2100e2d97db4_1080_1080", "terjual": 7}}]}
[2020-01-17 20:27:03,353] {/home/alta13/Documents/E-Commerce/TEESIGNR/blueprints/__init__.py:54} INFO - REQUEST_LOG	{"status_code": 200, "method": "OPTIONS", "code": "200 OK", "uri": "/user?", "request": null, "response": {}}
[2020-01-17 20:27:03,368] {/home/alta13/Documents/E-Commerce/portofolio_env/lib/python3.6/site-packages/flask/app.py:1891} ERROR - Exception on /user [GET]
Traceback (most recent call last):
  File "/home/alta13/Documents/E-Commerce/portofolio_env/lib/python3.6/site-packages/jwt/api_jws.py", line 180, in _load
    signing_input, crypto_segment = jwt.rsplit(b'.', 1)
ValueError: not enough values to unpack (expected 2, got 1)

During handling of the above exception, another exception occurred:

Traceback (most recent call last):
  File "/home/alta13/Documents/E-Commerce/portofolio_env/lib/python3.6/site-packages/flask/app.py", line 1949, in full_dispatch_request
    rv = self.dispatch_request()
  File "/home/alta13/Documents/E-Commerce/portofolio_env/lib/python3.6/site-packages/flask/app.py", line 1935, in dispatch_request
    return self.view_functions[rule.endpoint](**req.view_args)
  File "/home/alta13/Documents/E-Commerce/portofolio_env/lib/python3.6/site-packages/flask_restful/__init__.py", line 458, in wrapper
    resp = resource(*args, **kwargs)
  File "/home/alta13/Documents/E-Commerce/portofolio_env/lib/python3.6/site-packages/flask/views.py", line 89, in view
    return self.dispatch_request(*args, **kwargs)
  File "/home/alta13/Documents/E-Commerce/portofolio_env/lib/python3.6/site-packages/flask_restful/__init__.py", line 573, in dispatch_request
    resp = meth(*args, **kwargs)
  File "/home/alta13/Documents/E-Commerce/portofolio_env/lib/python3.6/site-packages/flask_jwt_extended/view_decorators.py", line 107, in wrapper
    verify_jwt_in_request()
  File "/home/alta13/Documents/E-Commerce/portofolio_env/lib/python3.6/site-packages/flask_jwt_extended/view_decorators.py", line 32, in verify_jwt_in_request
    jwt_data, jwt_header = _decode_jwt_from_request(request_type='access')
  File "/home/alta13/Documents/E-Commerce/portofolio_env/lib/python3.6/site-packages/flask_jwt_extended/view_decorators.py", line 294, in _decode_jwt_from_request
    decoded_token = decode_token(encoded_token, csrf_token)
  File "/home/alta13/Documents/E-Commerce/portofolio_env/lib/python3.6/site-packages/flask_jwt_extended/utils.py", line 91, in decode_token
    encoded_token, verify=False, algorithms=config.decode_algorithms
  File "/home/alta13/Documents/E-Commerce/portofolio_env/lib/python3.6/site-packages/jwt/api_jwt.py", line 84, in decode
    payload, _, _, _ = self._load(jwt)
  File "/home/alta13/Documents/E-Commerce/portofolio_env/lib/python3.6/site-packages/jwt/api_jws.py", line 183, in _load
    raise DecodeError('Not enough segments')
jwt.exceptions.DecodeError: Not enough segments
[2020-01-17 20:27:03,370] {/home/alta13/Documents/E-Commerce/TEESIGNR/blueprints/__init__.py:63} WARNING - REQUEST_LOG	{"status_code": 500, "method": "GET", "code": "500 INTERNAL SERVER ERROR", "uri": "/user?", "request": null, "response": {"message": "Internal Server Error"}}
[2020-01-17 20:27:03,397] {/home/alta13/Documents/E-Commerce/TEESIGNR/blueprints/__init__.py:54} INFO - REQUEST_LOG	{"status_code": 200, "method": "GET", "code": "200 OK", "uri": "/baju?search=&orderby=terjual&sort=desc&p=1", "request": null, "response": [{"id": 23, "toko_id": 3, "nama": "T-Shirt Slark Shark Dota 2 Limited Edition - Hitam", "harga": "Rp. 115500", "deskripsi": "Bahan Combed 30s, Warna Hitam", "bahan": "Combed 30s", "gambar": "https://ecs7.tokopedia.net/img/cache/200-square/product-1/2019/11/26/20491113/20491113_2b0f0081-d27f-4a29-ba77-2100e2d97db4_1080_1080", "terjual": 7}, {"id": 32, "toko_id": 1, "nama": "Jojo Bizzare Adventure Aesthetic T-Shirt", "harga": "Rp. 203000", "deskripsi": "High Quality Aesthetic T-Shirt with Supima", "bahan": "Supima 30s", "gambar": "https://bunny.teeshirt21.com/2017/11/11/47846-1510376422277-Gildan-Men-White-_w91_-front.jpg", "terjual": 4}, {"id": 8, "toko_id": 1, "nama": "Mix Tape 80s Japanese Otaku Aesthetic Vaporwave Art T-Shirt", "harga": "Rp. 190000", "deskripsi": "High Quality Vaporwave T-Shirt with Supima 30s", "bahan": "Supima 30s", "gambar": "https://m.media-amazon.com/images/I/A13usaonutL._AC_CLa%7C2140%2C2000%7C91K%2BDk3ZH3L.png%7C0%2C0%2C2140%2C2000%2B0.0%2C0.0%2C2140.0%2C2000.0._SX385._SX._UX._SY._UY_.png", "terjual": 2}, {"id": 26, "toko_id": 1, "nama": "Vaporwave Shirt Arizona Iced Tea (Aesthetic) T Shirt By SenorFiredude Design By Suparno", "harga": "Rp. 203000", "deskripsi": "High Quality Aesthetic T-Shirt with Supima", "bahan": "Supima 30s", "gambar": "https://cdn.designbyhumans.com/product_images/p/1092812.65.53f7cS7ayBAA-650x650-b-p-eee.jpg", "terjual": 1}, {"id": 24, "toko_id": 3, "nama": "T-Shirt Bear Ursa Dota 2 Limited Edition - Black", "harga": "Rp. 115500", "deskripsi": "Bahan Combed 30s, Warna Hitam", "bahan": "Combed 30s", "gambar": "https://instagram.fymy1-2.fna.fbcdn.net/v/t51.2885-15/sh0.08/e35/s640x640/74878648_2439418212978071_7649002051171723986_n.jpg?_nc_ht=instagram.fymy1-2.fna.fbcdn.net&_nc_cat=111&oh=2b87308070f6b313ba4e7219340b3d1d&oe=5E78217E", "terjual": 1}, {"id": 16, "toko_id": 2, "nama": "KAOS LENGAN PENDEK THE POPO -THE BEATLES BLACK-", "harga": "Rp. 108500", "deskripsi": "Bahan Combed 30s, Warna Hitam", "bahan": "Combed 30s", "gambar": "https://cf.shopee.co.id/file/71a6b24e95b35a915bb3cdcfe3cfc309_tn", "terjual": 1}, {"id": 13, "toko_id": 2, "nama": "KAOS LENGAN PENDEK THE POPO -DOA BLACK- UNISEX", "harga": "Rp. 108500", "deskripsi": "Bahan Combed 30s, Warna Hitam", "bahan": "Combed 30s", "gambar": "https://cf.shopee.co.id/file/afc4106fd736762c031de88529556af4_tn", "terjual": 1}, {"id": 11, "toko_id": 2, "nama": "KAOS LENGAN PENDEK THE POPO -PINK FLOYD-", "harga": "Rp. 108500", "deskripsi": "Bahan Combed 30s, warna Hitam", "bahan": "Combed 30s", "gambar": "https://cf.shopee.co.id/file/df68a3648d0ec395102b80cd947e7261_tn", "terjual": 1}, {"id": 10, "toko_id": 1, "nama": "Vaporwave Medusa Statue Aesthetic Retro Japanese Otaku Art T-Shirt", "harga": "Rp. 190000", "deskripsi": "High Quality Vaporwave T-Shirt with Supima 30s", "bahan": "Supima 30s", "gambar": "https://m.media-amazon.com/images/I/A1vJUKBjc2L._AC_CLa%7C2140%2C2000%7C919V0wbfhhL.png%7C0%2C0%2C2140%2C2000%2B0.0%2C0.0%2C2140.0%2C2000.0._SX385._SX._UX._SY._UY_.png", "terjual": 1}, {"id": 9, "toko_id": 1, "nama": "90s Japanese Otaku Stylish Aesthetic Milk T-Shirt", "harga": "Rp. 190000", "deskripsi": "High Quality Vaporwave T-Shirt with Supima 30s", "bahan": "Supima 30s", "gambar": "https://m.media-amazon.com/images/I/A13usaonutL._AC_CLa%7C2140%2C2000%7C916HePwBCIL.png%7C0%2C0%2C2140%2C2000%2B0.0%2C0.0%2C2140.0%2C2000.0._SX385._SX._UX._SY._UY_.png", "terjual": 1}, {"id": 5, "toko_id": 1, "nama": "Vaporwave Aesthetic T-Shirt Greek Head Japanese", "harga": "Rp. 190000", "deskripsi": "High Quality Vaporwave T-Shirt with Supima 30s", "bahan": "Supima 30s", "gambar": "https://m.media-amazon.com/images/I/B1qmQK-r4OS._AC_CLa%7C2140%2C2000%7C919A1PIwt1L.png%7C0%2C0%2C2140%2C2000%2B0.0%2C0.0%2C2140.0%2C2000.0._SX385._SX._UX._SY._UY_.png", "terjual": 1}, {"id": 3, "toko_id": 1, "nama": "Vaporwave Aesthetic T-Shirt Old Monitor Kawaii", "harga": "Rp. 190000", "deskripsi": "High Quality Vaporwave T-Shirt with Supima 30s", "bahan": "Supima 30s", "gambar": "https://d111vui60acwyt.cloudfront.net/product_photos/65599569/file_1675a60f66_original.jpg", "terjual": 1}]}
[2020-01-17 20:27:09,032] {/home/alta13/Documents/E-Commerce/TEESIGNR/blueprints/__init__.py:54} INFO - REQUEST_LOG	{"status_code": 200, "method": "GET", "code": "200 OK", "uri": "/baju?search=&orderby=terjual&sort=desc&p=1", "request": null, "response": [{"id": 23, "toko_id": 3, "nama": "T-Shirt Slark Shark Dota 2 Limited Edition - Hitam", "harga": "Rp. 115500", "deskripsi": "Bahan Combed 30s, Warna Hitam", "bahan": "Combed 30s", "gambar": "https://ecs7.tokopedia.net/img/cache/200-square/product-1/2019/11/26/20491113/20491113_2b0f0081-d27f-4a29-ba77-2100e2d97db4_1080_1080", "terjual": 7}, {"id": 32, "toko_id": 1, "nama": "Jojo Bizzare Adventure Aesthetic T-Shirt", "harga": "Rp. 203000", "deskripsi": "High Quality Aesthetic T-Shirt with Supima", "bahan": "Supima 30s", "gambar": "https://bunny.teeshirt21.com/2017/11/11/47846-1510376422277-Gildan-Men-White-_w91_-front.jpg", "terjual": 4}, {"id": 8, "toko_id": 1, "nama": "Mix Tape 80s Japanese Otaku Aesthetic Vaporwave Art T-Shirt", "harga": "Rp. 190000", "deskripsi": "High Quality Vaporwave T-Shirt with Supima 30s", "bahan": "Supima 30s", "gambar": "https://m.media-amazon.com/images/I/A13usaonutL._AC_CLa%7C2140%2C2000%7C91K%2BDk3ZH3L.png%7C0%2C0%2C2140%2C2000%2B0.0%2C0.0%2C2140.0%2C2000.0._SX385._SX._UX._SY._UY_.png", "terjual": 2}, {"id": 26, "toko_id": 1, "nama": "Vaporwave Shirt Arizona Iced Tea (Aesthetic) T Shirt By SenorFiredude Design By Suparno", "harga": "Rp. 203000", "deskripsi": "High Quality Aesthetic T-Shirt with Supima", "bahan": "Supima 30s", "gambar": "https://cdn.designbyhumans.com/product_images/p/1092812.65.53f7cS7ayBAA-650x650-b-p-eee.jpg", "terjual": 1}, {"id": 24, "toko_id": 3, "nama": "T-Shirt Bear Ursa Dota 2 Limited Edition - Black", "harga": "Rp. 115500", "deskripsi": "Bahan Combed 30s, Warna Hitam", "bahan": "Combed 30s", "gambar": "https://instagram.fymy1-2.fna.fbcdn.net/v/t51.2885-15/sh0.08/e35/s640x640/74878648_2439418212978071_7649002051171723986_n.jpg?_nc_ht=instagram.fymy1-2.fna.fbcdn.net&_nc_cat=111&oh=2b87308070f6b313ba4e7219340b3d1d&oe=5E78217E", "terjual": 1}, {"id": 16, "toko_id": 2, "nama": "KAOS LENGAN PENDEK THE POPO -THE BEATLES BLACK-", "harga": "Rp. 108500", "deskripsi": "Bahan Combed 30s, Warna Hitam", "bahan": "Combed 30s", "gambar": "https://cf.shopee.co.id/file/71a6b24e95b35a915bb3cdcfe3cfc309_tn", "terjual": 1}, {"id": 13, "toko_id": 2, "nama": "KAOS LENGAN PENDEK THE POPO -DOA BLACK- UNISEX", "harga": "Rp. 108500", "deskripsi": "Bahan Combed 30s, Warna Hitam", "bahan": "Combed 30s", "gambar": "https://cf.shopee.co.id/file/afc4106fd736762c031de88529556af4_tn", "terjual": 1}, {"id": 11, "toko_id": 2, "nama": "KAOS LENGAN PENDEK THE POPO -PINK FLOYD-", "harga": "Rp. 108500", "deskripsi": "Bahan Combed 30s, warna Hitam", "bahan": "Combed 30s", "gambar": "https://cf.shopee.co.id/file/df68a3648d0ec395102b80cd947e7261_tn", "terjual": 1}, {"id": 10, "toko_id": 1, "nama": "Vaporwave Medusa Statue Aesthetic Retro Japanese Otaku Art T-Shirt", "harga": "Rp. 190000", "deskripsi": "High Quality Vaporwave T-Shirt with Supima 30s", "bahan": "Supima 30s", "gambar": "https://m.media-amazon.com/images/I/A1vJUKBjc2L._AC_CLa%7C2140%2C2000%7C919V0wbfhhL.png%7C0%2C0%2C2140%2C2000%2B0.0%2C0.0%2C2140.0%2C2000.0._SX385._SX._UX._SY._UY_.png", "terjual": 1}, {"id": 9, "toko_id": 1, "nama": "90s Japanese Otaku Stylish Aesthetic Milk T-Shirt", "harga": "Rp. 190000", "deskripsi": "High Quality Vaporwave T-Shirt with Supima 30s", "bahan": "Supima 30s", "gambar": "https://m.media-amazon.com/images/I/A13usaonutL._AC_CLa%7C2140%2C2000%7C916HePwBCIL.png%7C0%2C0%2C2140%2C2000%2B0.0%2C0.0%2C2140.0%2C2000.0._SX385._SX._UX._SY._UY_.png", "terjual": 1}, {"id": 5, "toko_id": 1, "nama": "Vaporwave Aesthetic T-Shirt Greek Head Japanese", "harga": "Rp. 190000", "deskripsi": "High Quality Vaporwave T-Shirt with Supima 30s", "bahan": "Supima 30s", "gambar": "https://m.media-amazon.com/images/I/B1qmQK-r4OS._AC_CLa%7C2140%2C2000%7C919A1PIwt1L.png%7C0%2C0%2C2140%2C2000%2B0.0%2C0.0%2C2140.0%2C2000.0._SX385._SX._UX._SY._UY_.png", "terjual": 1}, {"id": 3, "toko_id": 1, "nama": "Vaporwave Aesthetic T-Shirt Old Monitor Kawaii", "harga": "Rp. 190000", "deskripsi": "High Quality Vaporwave T-Shirt with Supima 30s", "bahan": "Supima 30s", "gambar": "https://d111vui60acwyt.cloudfront.net/product_photos/65599569/file_1675a60f66_original.jpg", "terjual": 1}]}
[2020-01-20 15:24:14,057] {/home/admin/test-deploy/alta/ecommerce-project/Flask-restful/blueprints/__init__.py:54} INFO - REQUEST_LOG	{"method": "GET", "request": null, "code": "200 OK", "response": [], "uri": "/toko?", "status_code": 200}
[2020-01-20 16:57:55,512] {/home/admin/test-deploy/alta/ecommerce-project/Flask-restful/blueprints/__init__.py:63} WARNING - REQUEST_LOG	{"response": {"message": "The requested URL was not found on the server. If you entered the URL manually please check your spelling and try again."}, "code": "404 NOT FOUND", "uri": "/?", "request": null, "status_code": 404, "method": "GET"}
[2020-01-20 16:58:01,066] {/home/admin/test-deploy/alta/ecommerce-project/Flask-restful/blueprints/__init__.py:54} INFO - REQUEST_LOG	{"response": [], "code": "200 OK", "uri": "/toko?", "request": null, "status_code": 200, "method": "GET"}
[2020-01-20 17:53:02,625] {/home/admin/test-deploy/alta/ecommerce-project/Flask-restful/blueprints/__init__.py:63} WARNING - REQUEST_LOG	{"response": {"message": "The requested URL was not found on the server. If you entered the URL manually please check your spelling and try again."}, "code": "404 NOT FOUND", "uri": "/?", "request": null, "status_code": 404, "method": "GET"}
[2020-01-20 17:53:33,441] {/home/admin/test-deploy/alta/ecommerce-project/Flask-restful/blueprints/__init__.py:63} WARNING - REQUEST_LOG	{"response": {"message": "The requested URL was not found on the server. If you entered the URL manually please check your spelling and try again."}, "code": "404 NOT FOUND", "uri": "/?", "request": null, "status_code": 404, "method": "GET"}
[2020-01-20 17:53:42,305] {/home/admin/test-deploy/alta/ecommerce-project/Flask-restful/blueprints/__init__.py:54} INFO - REQUEST_LOG	{"response": [], "code": "200 OK", "uri": "/toko?", "request": null, "status_code": 200, "method": "GET"}
[2020-01-20 17:53:49,954] {/home/admin/test-deploy/alta/ecommerce-project/Flask-restful/blueprints/__init__.py:63} WARNING - REQUEST_LOG	{"response": {"message": "The requested URL was not found on the server. If you entered the URL manually please check your spelling and try again."}, "code": "404 NOT FOUND", "uri": "/?", "request": null, "status_code": 404, "method": "GET"}
[2020-01-20 17:54:50,087] {/home/admin/test-deploy/alta/ecommerce-project/Flask-restful/blueprints/__init__.py:54} INFO - REQUEST_LOG	{"response": [], "code": "200 OK", "uri": "/toko?", "request": null, "status_code": 200, "method": "GET"}
[2020-01-20 17:54:51,971] {/home/admin/test-deploy/alta/lib/python3.5/site-packages/flask/app.py:1891} ERROR - Exception on /toko/1 [GET]
Traceback (most recent call last):
  File "/home/admin/test-deploy/alta/lib/python3.5/site-packages/flask/app.py", line 1949, in full_dispatch_request
    rv = self.dispatch_request()
  File "/home/admin/test-deploy/alta/lib/python3.5/site-packages/flask/app.py", line 1935, in dispatch_request
    return self.view_functions[rule.endpoint](**req.view_args)
  File "/home/admin/test-deploy/alta/lib/python3.5/site-packages/flask_restful/__init__.py", line 458, in wrapper
    resp = resource(*args, **kwargs)
  File "/home/admin/test-deploy/alta/lib/python3.5/site-packages/flask/views.py", line 89, in view
    return self.dispatch_request(*args, **kwargs)
  File "/home/admin/test-deploy/alta/lib/python3.5/site-packages/flask_restful/__init__.py", line 573, in dispatch_request
    resp = meth(*args, **kwargs)
  File "/home/admin/test-deploy/alta/ecommerce-project/Flask-restful/blueprints/toko/resource.py", line 223, in get
    list_barang = Barang.query.filter_by(toko_id=toko.id)
AttributeError: 'NoneType' object has no attribute 'id'
[2020-01-20 17:54:51,977] {/home/admin/test-deploy/alta/ecommerce-project/Flask-restful/blueprints/__init__.py:63} WARNING - REQUEST_LOG	{"response": {"message": "Internal Server Error"}, "code": "500 INTERNAL SERVER ERROR", "uri": "/toko/1?", "request": null, "status_code": 500, "method": "GET"}
[2020-01-20 17:55:01,629] {/home/admin/test-deploy/alta/lib/python3.5/site-packages/flask/app.py:1891} ERROR - Exception on /checkout [GET]
Traceback (most recent call last):
  File "/home/admin/test-deploy/alta/lib/python3.5/site-packages/flask/app.py", line 1949, in full_dispatch_request
    rv = self.dispatch_request()
  File "/home/admin/test-deploy/alta/lib/python3.5/site-packages/flask/app.py", line 1935, in dispatch_request
    return self.view_functions[rule.endpoint](**req.view_args)
  File "/home/admin/test-deploy/alta/lib/python3.5/site-packages/flask_restful/__init__.py", line 458, in wrapper
    resp = resource(*args, **kwargs)
  File "/home/admin/test-deploy/alta/lib/python3.5/site-packages/flask/views.py", line 89, in view
    return self.dispatch_request(*args, **kwargs)
  File "/home/admin/test-deploy/alta/lib/python3.5/site-packages/flask_restful/__init__.py", line 573, in dispatch_request
    resp = meth(*args, **kwargs)
  File "/home/admin/test-deploy/alta/lib/python3.5/site-packages/flask_jwt_extended/view_decorators.py", line 107, in wrapper
    verify_jwt_in_request()
  File "/home/admin/test-deploy/alta/lib/python3.5/site-packages/flask_jwt_extended/view_decorators.py", line 32, in verify_jwt_in_request
    jwt_data, jwt_header = _decode_jwt_from_request(request_type='access')
  File "/home/admin/test-deploy/alta/lib/python3.5/site-packages/flask_jwt_extended/view_decorators.py", line 314, in _decode_jwt_from_request
    raise NoAuthorizationError(errors[0])
flask_jwt_extended.exceptions.NoAuthorizationError: Missing Authorization Header
[2020-01-20 17:55:01,634] {/home/admin/test-deploy/alta/ecommerce-project/Flask-restful/blueprints/__init__.py:63} WARNING - REQUEST_LOG	{"response": {"message": "Internal Server Error"}, "code": "500 INTERNAL SERVER ERROR", "uri": "/checkout?", "request": null, "status_code": 500, "method": "GET"}
[2020-01-20 17:55:04,927] {/home/admin/test-deploy/alta/ecommerce-project/Flask-restful/blueprints/__init__.py:63} WARNING - REQUEST_LOG	{"response": {"message": "The requested URL was not found on the server. If you entered the URL manually please check your spelling and try again."}, "code": "404 NOT FOUND", "uri": "/?", "request": null, "status_code": 404, "method": "GET"}
[2020-01-20 18:02:27,530] {/home/admin/test-deploy/alta/ecommerce-project/Flask-restful/blueprints/__init__.py:63} WARNING - REQUEST_LOG	{"response": {"message": "The requested URL was not found on the server. If you entered the URL manually please check your spelling and try again."}, "code": "404 NOT FOUND", "uri": "/?", "request": null, "status_code": 404, "method": "GET"}
[2020-01-20 18:10:15,783] {/home/admin/test-deploy/alta/ecommerce-project/Flask-restful/blueprints/__init__.py:63} WARNING - REQUEST_LOG	{"response": {"message": "The requested URL was not found on the server. If you entered the URL manually please check your spelling and try again."}, "code": "404 NOT FOUND", "uri": "/?", "request": null, "status_code": 404, "method": "GET"}
[2020-01-20 18:35:14,483] {/home/admin/test-deploy/alta/ecommerce-project/Flask-restful/blueprints/__init__.py:63} WARNING - REQUEST_LOG	{"response": {"message": "The requested URL was not found on the server. If you entered the URL manually please check your spelling and try again."}, "code": "404 NOT FOUND", "uri": "/?", "request": null, "status_code": 404, "method": "OPTIONS"}
[2020-01-20 18:35:14,486] {/home/admin/test-deploy/alta/ecommerce-project/Flask-restful/blueprints/__init__.py:63} WARNING - REQUEST_LOG	{"response": {"message": "The requested URL was not found on the server. If you entered the URL manually please check your spelling and try again."}, "code": "404 NOT FOUND", "uri": "/?orderby=terjual&sort=desc", "request": null, "status_code": 404, "method": "GET"}
[2020-01-20 18:35:14,488] {/home/admin/test-deploy/alta/ecommerce-project/Flask-restful/blueprints/__init__.py:63} WARNING - REQUEST_LOG	{"response": {"message": "The requested URL was not found on the server. If you entered the URL manually please check your spelling and try again."}, "code": "404 NOT FOUND", "uri": "/?orderby=popularitas&sort=desc", "request": null, "status_code": 404, "method": "GET"}
[2020-01-20 18:35:26,639] {/home/admin/test-deploy/alta/ecommerce-project/Flask-restful/blueprints/__init__.py:63} WARNING - REQUEST_LOG	{"response": {"message": "The requested URL was not found on the server. If you entered the URL manually please check your spelling and try again."}, "code": "404 NOT FOUND", "uri": "/login?", "request": null, "status_code": 404, "method": "OPTIONS"}
[2020-01-20 18:35:51,229] {/home/admin/test-deploy/alta/ecommerce-project/Flask-restful/blueprints/__init__.py:54} INFO - REQUEST_LOG	{"response": {}, "code": "200 OK", "uri": "/user?", "request": null, "status_code": 200, "method": "OPTIONS"}
[2020-01-20 18:35:51,236] {/home/admin/test-deploy/alta/ecommerce-project/Flask-restful/blueprints/__init__.py:54} INFO - REQUEST_LOG	{"response": [], "code": "200 OK", "uri": "/baju?orderby=terjual&sort=desc", "request": null, "status_code": 200, "method": "GET"}
[2020-01-20 18:35:51,239] {/home/admin/test-deploy/alta/ecommerce-project/Flask-restful/blueprints/__init__.py:54} INFO - REQUEST_LOG	{"response": [], "code": "200 OK", "uri": "/toko?orderby=popularitas&sort=desc", "request": null, "status_code": 200, "method": "GET"}
[2020-01-20 18:35:51,368] {/home/admin/test-deploy/alta/lib/python3.5/site-packages/flask/app.py:1891} ERROR - Exception on /user [GET]
Traceback (most recent call last):
  File "/home/admin/test-deploy/alta/lib/python3.5/site-packages/jwt/api_jws.py", line 180, in _load
    signing_input, crypto_segment = jwt.rsplit(b'.', 1)
ValueError: not enough values to unpack (expected 2, got 1)

During handling of the above exception, another exception occurred:

Traceback (most recent call last):
  File "/home/admin/test-deploy/alta/lib/python3.5/site-packages/flask/app.py", line 1949, in full_dispatch_request
    rv = self.dispatch_request()
  File "/home/admin/test-deploy/alta/lib/python3.5/site-packages/flask/app.py", line 1935, in dispatch_request
    return self.view_functions[rule.endpoint](**req.view_args)
  File "/home/admin/test-deploy/alta/lib/python3.5/site-packages/flask_restful/__init__.py", line 458, in wrapper
    resp = resource(*args, **kwargs)
  File "/home/admin/test-deploy/alta/lib/python3.5/site-packages/flask/views.py", line 89, in view
    return self.dispatch_request(*args, **kwargs)
  File "/home/admin/test-deploy/alta/lib/python3.5/site-packages/flask_restful/__init__.py", line 573, in dispatch_request
    resp = meth(*args, **kwargs)
  File "/home/admin/test-deploy/alta/lib/python3.5/site-packages/flask_jwt_extended/view_decorators.py", line 107, in wrapper
    verify_jwt_in_request()
  File "/home/admin/test-deploy/alta/lib/python3.5/site-packages/flask_jwt_extended/view_decorators.py", line 32, in verify_jwt_in_request
    jwt_data, jwt_header = _decode_jwt_from_request(request_type='access')
  File "/home/admin/test-deploy/alta/lib/python3.5/site-packages/flask_jwt_extended/view_decorators.py", line 294, in _decode_jwt_from_request
    decoded_token = decode_token(encoded_token, csrf_token)
  File "/home/admin/test-deploy/alta/lib/python3.5/site-packages/flask_jwt_extended/utils.py", line 91, in decode_token
    encoded_token, verify=False, algorithms=config.decode_algorithms
  File "/home/admin/test-deploy/alta/lib/python3.5/site-packages/jwt/api_jwt.py", line 84, in decode
    payload, _, _, _ = self._load(jwt)
  File "/home/admin/test-deploy/alta/lib/python3.5/site-packages/jwt/api_jws.py", line 183, in _load
    raise DecodeError('Not enough segments')
jwt.exceptions.DecodeError: Not enough segments
[2020-01-20 18:35:51,373] {/home/admin/test-deploy/alta/ecommerce-project/Flask-restful/blueprints/__init__.py:63} WARNING - REQUEST_LOG	{"response": {"message": "Internal Server Error"}, "code": "500 INTERNAL SERVER ERROR", "uri": "/user?", "request": null, "status_code": 500, "method": "GET"}
[2020-01-20 18:36:06,021] {/home/admin/test-deploy/alta/ecommerce-project/Flask-restful/blueprints/__init__.py:54} INFO - REQUEST_LOG	{"response": {}, "code": "200 OK", "uri": "/auth/login?", "request": null, "status_code": 200, "method": "OPTIONS"}
[2020-01-20 18:36:06,067] {/home/admin/test-deploy/alta/ecommerce-project/Flask-restful/blueprints/__init__.py:63} WARNING - REQUEST_LOG	{"response": {"status": "UNAUTHORIZED", "message": "Password atau Email salah"}, "code": "401 UNAUTHORIZED", "uri": "/auth/login?", "request": {"password": "rahasia", "email": "daffa@alterra.id"}, "status_code": 401, "method": "POST"}
[2020-01-20 18:36:33,303] {/home/admin/test-deploy/alta/ecommerce-project/Flask-restful/blueprints/__init__.py:54} INFO - REQUEST_LOG	{"response": {}, "code": "200 OK", "uri": "/auth/register?", "request": null, "status_code": 200, "method": "OPTIONS"}
[2020-01-20 18:36:35,093] {/home/admin/test-deploy/alta/ecommerce-project/Flask-restful/blueprints/__init__.py:54} INFO - REQUEST_LOG	{"response": {"status": "register berhasil", "user": {"id": 1, "email": "m.daffa100@yahoo.com", "username": "Fadafuq", "full_name": "Mohammad Daffa", "designer_status": false}}, "code": "200 OK", "uri": "/auth/register?", "request": {"username": "Fadafuq", "password": "rahasia", "email": "m.daffa100@yahoo.com", "full_name": "Mohammad Daffa"}, "status_code": 200, "method": "POST"}
[2020-01-20 18:36:45,707] {/home/admin/test-deploy/alta/ecommerce-project/Flask-restful/blueprints/__init__.py:54} INFO - REQUEST_LOG	{"response": {}, "code": "200 OK", "uri": "/auth/login?", "request": null, "status_code": 200, "method": "OPTIONS"}
[2020-01-20 18:36:45,753] {/home/admin/test-deploy/alta/ecommerce-project/Flask-restful/blueprints/__init__.py:54} INFO - REQUEST_LOG	{"response": {"token": "eyJhbGciOiJIUzI1NiIsInR5cCI6IkpXVCJ9.eyJ1c2VyX2NsYWltcyI6eyJ1c2VybmFtZSI6IkZhZGFmdXEiLCJpZCI6MSwiZW1haWwiOiJtLmRhZmZhMTAwQHlhaG9vLmNvbSIsImZ1bGxfbmFtZSI6Ik1vaGFtbWFkIERhZmZhIiwiZGVzaWduZXJfc3RhdHVzIjpmYWxzZX0sIm5iZiI6MTU3OTUyMDIwNSwiaWF0IjoxNTc5NTIwMjA1LCJmcmVzaCI6ZmFsc2UsImV4cCI6MTU3OTYwNjYwNSwianRpIjoiNzhkNmQ1MTQtYjJmYS00ODRmLWExZDEtYjRiNzMxMzQyYzVmIiwiaWRlbnRpdHkiOiJGYWRhZnVxIiwidHlwZSI6ImFjY2VzcyJ9.5FmkcLPVWM5qZc2qLbZAMvR8urqHL7XLJMhw0SrHPvs"}, "code": "200 OK", "uri": "/auth/login?", "request": {"password": "rahasia", "email": "m.daffa100@yahoo.com"}, "status_code": 200, "method": "POST"}
[2020-01-20 18:36:47,584] {/home/admin/test-deploy/alta/ecommerce-project/Flask-restful/blueprints/__init__.py:54} INFO - REQUEST_LOG	{"response": {}, "code": "200 OK", "uri": "/user?", "request": null, "status_code": 200, "method": "OPTIONS"}
[2020-01-20 18:36:47,634] {/home/admin/test-deploy/alta/ecommerce-project/Flask-restful/blueprints/__init__.py:54} INFO - REQUEST_LOG	{"response": {"riwayat_transaksi": [], "info_user": {"id": 1, "email": "m.daffa100@yahoo.com", "username": "Fadafuq", "full_name": "Mohammad Daffa", "designer_status": false}}, "code": "200 OK", "uri": "/user?", "request": null, "status_code": 200, "method": "GET"}
[2020-01-20 18:56:18,019] {/home/admin/test-deploy/alta/ecommerce-project/Flask-restful/blueprints/__init__.py:63} WARNING - REQUEST_LOG	{"response": {"message": "The requested URL was not found on the server. If you entered the URL manually please check your spelling and try again."}, "code": "404 NOT FOUND", "uri": "/robots.txt?", "request": null, "status_code": 404, "method": "GET"}
[2020-01-20 18:56:45,781] {/home/admin/test-deploy/alta/ecommerce-project/Flask-restful/blueprints/__init__.py:63} WARNING - REQUEST_LOG	{"response": {"message": "The requested URL was not found on the server. If you entered the URL manually please check your spelling and try again."}, "code": "404 NOT FOUND", "uri": "/?", "request": null, "status_code": 404, "method": "GET"}
[2020-01-20 19:29:47,477] {/home/admin/test-deploy/alta/ecommerce-project/Flask-restful/blueprints/__init__.py:63} WARNING - REQUEST_LOG	{"request": null, "uri": "/auth/register?", "method": "GET", "status_code": 405, "response": {"message": "The method is not allowed for the requested URL."}, "code": "405 METHOD NOT ALLOWED"}
[2020-01-20 19:30:02,952] {/home/admin/test-deploy/alta/ecommerce-project/Flask-restful/blueprints/__init__.py:63} WARNING - REQUEST_LOG	{"request": null, "uri": "/?", "method": "GET", "status_code": 404, "response": {"message": "The requested URL was not found on the server. If you entered the URL manually please check your spelling and try again."}, "code": "404 NOT FOUND"}
[2020-01-20 19:30:03,301] {/home/admin/test-deploy/alta/ecommerce-project/Flask-restful/blueprints/__init__.py:54} INFO - REQUEST_LOG	{"request": {"full_name": "The Popoh", "username": "ThePopoh", "email": "youdontsayhuman@gmail.com", "password": "rahasia"}, "uri": "/auth/register?", "method": "POST", "status_code": 200, "response": {"status": "register berhasil", "user": {"full_name": "The Popoh", "designer_status": false, "id": 2, "email": "youdontsayhuman@gmail.com", "username": "ThePopoh"}}, "code": "200 OK"}
[2020-01-20 19:30:03,637] {/home/admin/test-deploy/alta/ecommerce-project/Flask-restful/blueprints/__init__.py:63} WARNING - REQUEST_LOG	{"request": null, "uri": "/?", "method": "GET", "status_code": 404, "response": {"message": "The requested URL was not found on the server. If you entered the URL manually please check your spelling and try again."}, "code": "404 NOT FOUND"}
[2020-01-20 19:30:04,316] {/home/admin/test-deploy/alta/ecommerce-project/Flask-restful/blueprints/__init__.py:63} WARNING - REQUEST_LOG	{"request": null, "uri": "/?", "method": "GET", "status_code": 404, "response": {"message": "The requested URL was not found on the server. If you entered the URL manually please check your spelling and try again."}, "code": "404 NOT FOUND"}
[2020-01-20 19:30:04,999] {/home/admin/test-deploy/alta/ecommerce-project/Flask-restful/blueprints/__init__.py:63} WARNING - REQUEST_LOG	{"request": null, "uri": "/latest/dynamic/instance-identity/document?", "method": "GET", "status_code": 404, "response": {"message": "The requested URL was not found on the server. If you entered the URL manually please check your spelling and try again."}, "code": "404 NOT FOUND"}
[2020-01-20 19:30:05,687] {/home/admin/test-deploy/alta/ecommerce-project/Flask-restful/blueprints/__init__.py:63} WARNING - REQUEST_LOG	{"request": null, "uri": "/latest/dynamic/instance-identity/document?", "method": "GET", "status_code": 404, "response": {"message": "The requested URL was not found on the server. If you entered the URL manually please check your spelling and try again."}, "code": "404 NOT FOUND"}
[2020-01-20 19:41:28,403] {/home/admin/test-deploy/alta/ecommerce-project/Flask-restful/blueprints/__init__.py:63} WARNING - REQUEST_LOG	{"request": null, "uri": "/?", "method": "GET", "status_code": 404, "response": {"message": "The requested URL was not found on the server. If you entered the URL manually please check your spelling and try again."}, "code": "404 NOT FOUND"}
[2020-01-20 19:41:28,443] {/home/admin/test-deploy/alta/ecommerce-project/Flask-restful/blueprints/__init__.py:63} WARNING - REQUEST_LOG	{"request": null, "uri": "/?", "method": "GET", "status_code": 404, "response": {"message": "The requested URL was not found on the server. If you entered the URL manually please check your spelling and try again."}, "code": "404 NOT FOUND"}
[2020-01-20 20:12:53,305] {/home/admin/test-deploy/alta/ecommerce-project/Flask-restful/blueprints/__init__.py:63} WARNING - REQUEST_LOG	{"request": null, "status_code": 404, "response": {"message": "The requested URL was not found on the server. If you entered the URL manually please check your spelling and try again."}, "uri": "/?", "code": "404 NOT FOUND", "method": "GET"}
[2020-01-20 20:24:11,687] {/home/admin/test-deploy/alta/ecommerce-project/Flask-restful/blueprints/__init__.py:63} WARNING - REQUEST_LOG	{"request": null, "status_code": 404, "response": {"message": "The requested URL was not found on the server. If you entered the URL manually please check your spelling and try again."}, "uri": "/?", "code": "404 NOT FOUND", "method": "GET"}
[2020-01-20 20:25:29,041] {/home/admin/test-deploy/alta/ecommerce-project/Flask-restful/blueprints/__init__.py:63} WARNING - REQUEST_LOG	{"request": null, "status_code": 404, "response": {"message": "The requested URL was not found on the server. If you entered the URL manually please check your spelling and try again."}, "uri": "/?", "code": "404 NOT FOUND", "method": "GET"}
[2020-01-20 20:30:57,368] {/home/admin/test-deploy/alta/ecommerce-project/Flask-restful/blueprints/__init__.py:63} WARNING - REQUEST_LOG	{"request": null, "status_code": 404, "response": {"message": "The requested URL was not found on the server. If you entered the URL manually please check your spelling and try again."}, "uri": "/?", "code": "404 NOT FOUND", "method": "GET"}
[2020-01-20 20:37:39,239] {/home/admin/test-deploy/alta/ecommerce-project/Flask-restful/blueprints/__init__.py:63} WARNING - REQUEST_LOG	{"request": null, "status_code": 404, "response": {"message": "The requested URL was not found on the server. If you entered the URL manually please check your spelling and try again."}, "uri": "/?", "code": "404 NOT FOUND", "method": "GET"}
[2020-01-20 20:48:25,176] {/home/admin/test-deploy/alta/ecommerce-project/Flask-restful/blueprints/__init__.py:63} WARNING - REQUEST_LOG	{"request": null, "status_code": 404, "response": {"message": "The requested URL was not found on the server. If you entered the URL manually please check your spelling and try again."}, "uri": "/Telerik.Web.UI.WebResource.axd?type=rau", "code": "404 NOT FOUND", "method": "GET"}
[2020-01-20 21:38:57,887] {/home/admin/test-deploy/alta/ecommerce-project/Flask-restful/blueprints/__init__.py:63} WARNING - REQUEST_LOG	{"request": null, "status_code": 404, "response": {"message": "The requested URL was not found on the server. If you entered the URL manually please check your spelling and try again."}, "uri": "/?", "code": "404 NOT FOUND", "method": "GET"}
[2020-01-20 21:52:58,128] {/home/admin/test-deploy/alta/ecommerce-project/Flask-restful/blueprints/__init__.py:63} WARNING - REQUEST_LOG	{"request": null, "status_code": 404, "response": {"message": "The requested URL was not found on the server. If you entered the URL manually please check your spelling and try again."}, "uri": "/?", "code": "404 NOT FOUND", "method": "GET"}
[2020-01-20 21:59:41,912] {/home/admin/test-deploy/alta/ecommerce-project/Flask-restful/blueprints/__init__.py:63} WARNING - REQUEST_LOG	{"request": null, "status_code": 404, "response": {"message": "The requested URL was not found on the server. If you entered the URL manually please check your spelling and try again."}, "uri": "/?", "code": "404 NOT FOUND", "method": "GET"}
[2020-01-20 22:04:08,075] {/home/admin/test-deploy/alta/ecommerce-project/Flask-restful/blueprints/__init__.py:63} WARNING - REQUEST_LOG	{"request": null, "status_code": 404, "response": {"message": "The requested URL was not found on the server. If you entered the URL manually please check your spelling and try again."}, "uri": "/?", "code": "404 NOT FOUND", "method": "GET"}
[2020-01-20 23:50:46,995] {/home/admin/test-deploy/alta/ecommerce-project/Flask-restful/blueprints/__init__.py:63} WARNING - REQUEST_LOG	{"request": null, "status_code": 404, "response": {"message": "The requested URL was not found on the server. If you entered the URL manually please check your spelling and try again."}, "uri": "/Telerik.Web.UI.WebResource.axd?type=rau", "code": "404 NOT FOUND", "method": "GET"}
[2020-01-21 01:59:27,230] {/home/admin/test-deploy/alta/ecommerce-project/Flask-restful/blueprints/__init__.py:63} WARNING - REQUEST_LOG	{"request": null, "status_code": 404, "response": {"message": "The requested URL was not found on the server. If you entered the URL manually please check your spelling and try again."}, "uri": "/?", "code": "404 NOT FOUND", "method": "GET"}
[2020-01-21 03:28:11,122] {/home/admin/test-deploy/alta/ecommerce-project/Flask-restful/blueprints/__init__.py:63} WARNING - REQUEST_LOG	{"request": null, "status_code": 404, "response": {"message": "The requested URL was not found on the server. If you entered the URL manually please check your spelling and try again."}, "uri": "/childsown_website/static/src/img/payment_options.png?", "code": "404 NOT FOUND", "method": "GET"}
[2020-01-21 04:36:17,544] {/home/admin/test-deploy/alta/ecommerce-project/Flask-restful/blueprints/__init__.py:63} WARNING - REQUEST_LOG	{"request": null, "status_code": 404, "response": {"message": "The requested URL was not found on the server. If you entered the URL manually please check your spelling and try again."}, "uri": "/TP/public/index.php?", "code": "404 NOT FOUND", "method": "GET"}
[2020-01-21 04:36:20,512] {/home/admin/test-deploy/alta/ecommerce-project/Flask-restful/blueprints/__init__.py:63} WARNING - REQUEST_LOG	{"request": null, "status_code": 404, "response": {"message": "The requested URL was not found on the server. If you entered the URL manually please check your spelling and try again."}, "uri": "/TP/index.php?", "code": "404 NOT FOUND", "method": "GET"}
[2020-01-21 04:36:23,859] {/home/admin/test-deploy/alta/ecommerce-project/Flask-restful/blueprints/__init__.py:63} WARNING - REQUEST_LOG	{"request": null, "status_code": 404, "response": {"message": "The requested URL was not found on the server. If you entered the URL manually please check your spelling and try again."}, "uri": "/thinkphp/html/public/index.php?", "code": "404 NOT FOUND", "method": "GET"}
[2020-01-21 04:36:27,142] {/home/admin/test-deploy/alta/ecommerce-project/Flask-restful/blueprints/__init__.py:63} WARNING - REQUEST_LOG	{"request": null, "status_code": 404, "response": {"message": "The requested URL was not found on the server. If you entered the URL manually please check your spelling and try again."}, "uri": "/html/public/index.php?", "code": "404 NOT FOUND", "method": "GET"}
[2020-01-21 04:36:30,460] {/home/admin/test-deploy/alta/ecommerce-project/Flask-restful/blueprints/__init__.py:63} WARNING - REQUEST_LOG	{"request": null, "status_code": 404, "response": {"message": "The requested URL was not found on the server. If you entered the URL manually please check your spelling and try again."}, "uri": "/public/index.php?", "code": "404 NOT FOUND", "method": "GET"}
[2020-01-21 04:36:34,194] {/home/admin/test-deploy/alta/ecommerce-project/Flask-restful/blueprints/__init__.py:63} WARNING - REQUEST_LOG	{"request": null, "status_code": 404, "response": {"message": "The requested URL was not found on the server. If you entered the URL manually please check your spelling and try again."}, "uri": "/TP/html/public/index.php?", "code": "404 NOT FOUND", "method": "GET"}
[2020-01-21 07:41:14,977] {/home/admin/test-deploy/alta/ecommerce-project/Flask-restful/blueprints/__init__.py:63} WARNING - REQUEST_LOG	{"request": null, "status_code": 404, "response": {"message": "The requested URL was not found on the server. If you entered the URL manually please check your spelling and try again."}, "uri": "/?", "code": "404 NOT FOUND", "method": "GET"}
[2020-01-21 07:41:15,657] {/home/admin/test-deploy/alta/ecommerce-project/Flask-restful/blueprints/__init__.py:63} WARNING - REQUEST_LOG	{"request": null, "status_code": 404, "response": {"message": "The requested URL was not found on the server. If you entered the URL manually please check your spelling and try again."}, "uri": "/?", "code": "404 NOT FOUND", "method": "GET"}
[2020-01-21 07:41:16,339] {/home/admin/test-deploy/alta/ecommerce-project/Flask-restful/blueprints/__init__.py:63} WARNING - REQUEST_LOG	{"request": null, "status_code": 404, "response": {"message": "The requested URL was not found on the server. If you entered the URL manually please check your spelling and try again."}, "uri": "/?", "code": "404 NOT FOUND", "method": "GET"}
[2020-01-21 07:41:17,021] {/home/admin/test-deploy/alta/ecommerce-project/Flask-restful/blueprints/__init__.py:63} WARNING - REQUEST_LOG	{"request": null, "status_code": 404, "response": {"message": "The requested URL was not found on the server. If you entered the URL manually please check your spelling and try again."}, "uri": "/latest/dynamic/instance-identity/document?", "code": "404 NOT FOUND", "method": "GET"}
[2020-01-21 07:41:17,702] {/home/admin/test-deploy/alta/ecommerce-project/Flask-restful/blueprints/__init__.py:63} WARNING - REQUEST_LOG	{"request": null, "status_code": 404, "response": {"message": "The requested URL was not found on the server. If you entered the URL manually please check your spelling and try again."}, "uri": "/latest/dynamic/instance-identity/document?", "code": "404 NOT FOUND", "method": "GET"}
[2020-01-21 09:35:42,824] {/home/admin/test-deploy/alta/ecommerce-project/Flask-restful/blueprints/__init__.py:63} WARNING - REQUEST_LOG	{"request": null, "status_code": 404, "response": {"message": "The requested URL was not found on the server. If you entered the URL manually please check your spelling and try again."}, "uri": "/?", "code": "404 NOT FOUND", "method": "GET"}
[2020-01-21 10:30:33,732] {/home/admin/test-deploy/alta/ecommerce-project/Flask-restful/blueprints/__init__.py:63} WARNING - REQUEST_LOG	{"request": null, "status_code": 404, "response": {"message": "The requested URL was not found on the server. If you entered the URL manually please check your spelling and try again."}, "uri": "/?", "code": "404 NOT FOUND", "method": "GET"}
[2020-01-21 10:34:28,413] {/home/admin/test-deploy/alta/ecommerce-project/Flask-restful/blueprints/__init__.py:63} WARNING - REQUEST_LOG	{"request": null, "status_code": 404, "response": {"message": "The requested URL was not found on the server. If you entered the URL manually please check your spelling and try again."}, "uri": "/?", "code": "404 NOT FOUND", "method": "GET"}
>>>>>>> 857d7e911d43d54c2fe20a03e9e371d72cdafce4
